[ 2017-08-19T08:50:51+08:00 ] 127.0.0.1 /
INFO: [ app_init ] --START--
INFO: Run Behavior\BuildLiteBehavior [ RunTime:0.000013s ]
INFO: [ app_init ] --END-- [ RunTime:0.004352s ]
INFO: [ app_begin ] --START--
INFO: Run Behavior\ReadHtmlCacheBehavior [ RunTime:0.000915s ]
INFO: [ app_begin ] --END-- [ RunTime:0.000962s ]
SQL: SHOW COLUMNS FROM `my_article` [ RunTime:0.0034s ]
SQL: SELECT * FROM `my_article` WHERE `article_del` = 1  [ RunTime:0.0005s ]
SQL: SHOW COLUMNS FROM `my_type` [ RunTime:0.0044s ]
SQL: SELECT * FROM `my_type` WHERE ( 1=1 AND type_id='1' ) LIMIT 1   [ RunTime:0.0006s ]
SQL: SELECT * FROM `my_type` WHERE ( 1=1 AND type_id='2' ) LIMIT 1   [ RunTime:0.0004s ]
SQL: SELECT * FROM `my_type` WHERE ( 1=1 AND type_id='1' ) LIMIT 1   [ RunTime:0.0003s ]
SQL: SELECT * FROM `my_type` WHERE ( 1=1 AND type_id='9' ) LIMIT 1   [ RunTime:0.0003s ]
SQL: SELECT * FROM `my_type` WHERE ( 1=1 AND type_id='3' ) LIMIT 1   [ RunTime:0.0003s ]
SQL: SELECT * FROM `my_type` WHERE ( 1=1 AND type_id='1' ) LIMIT 1   [ RunTime:0.0003s ]
SQL: SELECT * FROM `my_type` WHERE ( 1=1 AND type_id='1' ) LIMIT 1   [ RunTime:0.0003s ]
SQL: SELECT * FROM `my_type` WHERE ( 1=1 AND type_id='1' ) LIMIT 1   [ RunTime:0.0003s ]
INFO: [ view_parse ] --START--
INFO: [ template_filter ] --START--
INFO: Run Behavior\ContentReplaceBehavior [ RunTime:0.001610s ]
INFO: [ template_filter ] --END-- [ RunTime:0.001654s ]
INFO: Run Behavior\ParseTemplateBehavior [ RunTime:0.034718s ]
INFO: [ view_parse ] --END-- [ RunTime:0.034792s ]
INFO: [ view_filter ] --START--
INFO: Run Behavior\WriteHtmlCacheBehavior [ RunTime:0.000725s ]
INFO: [ view_filter ] --END-- [ RunTime:0.000754s ]
INFO: [ app_end ] --START--
INFO: Run Behavior\ShowPageTraceBehavior [ RunTime:0.001388s ]
INFO: [ app_end ] --END-- [ RunTime:0.001445s ]

[ 2017-08-19T09:27:23+08:00 ] 127.0.0.1 /
INFO: [ app_init ] --START--
INFO: Run Behavior\BuildLiteBehavior [ RunTime:0.000009s ]
INFO: [ app_init ] --END-- [ RunTime:0.000286s ]
INFO: [ app_begin ] --START--
INFO: Run Behavior\ReadHtmlCacheBehavior [ RunTime:0.000461s ]
INFO: [ app_begin ] --END-- [ RunTime:0.000497s ]
SQL: SHOW COLUMNS FROM `my_article` [ RunTime:0.0043s ]
SQL: SELECT * FROM `my_article` WHERE `article_del` = 1  [ RunTime:0.0004s ]
SQL: SHOW COLUMNS FROM `my_type` [ RunTime:0.0026s ]
SQL: SELECT * FROM `my_type` WHERE ( 1=1 AND type_id='1' ) LIMIT 1   [ RunTime:0.0003s ]
SQL: SELECT * FROM `my_type` WHERE ( 1=1 AND type_id='2' ) LIMIT 1   [ RunTime:0.0002s ]
SQL: SELECT * FROM `my_type` WHERE ( 1=1 AND type_id='1' ) LIMIT 1   [ RunTime:0.0003s ]
SQL: SELECT * FROM `my_type` WHERE ( 1=1 AND type_id='9' ) LIMIT 1   [ RunTime:0.0003s ]
SQL: SELECT * FROM `my_type` WHERE ( 1=1 AND type_id='3' ) LIMIT 1   [ RunTime:0.0003s ]
SQL: SELECT * FROM `my_type` WHERE ( 1=1 AND type_id='1' ) LIMIT 1   [ RunTime:0.0003s ]
SQL: SELECT * FROM `my_type` WHERE ( 1=1 AND type_id='1' ) LIMIT 1   [ RunTime:0.0003s ]
SQL: SELECT * FROM `my_type` WHERE ( 1=1 AND type_id='1' ) LIMIT 1   [ RunTime:0.0002s ]
INFO: [ view_parse ] --START--
INFO: [ template_filter ] --START--
INFO: Run Behavior\ContentReplaceBehavior [ RunTime:0.000080s ]
INFO: [ template_filter ] --END-- [ RunTime:0.000136s ]
INFO: Run Behavior\ParseTemplateBehavior [ RunTime:0.010104s ]
INFO: [ view_parse ] --END-- [ RunTime:0.010142s ]
INFO: [ view_filter ] --START--
INFO: Run Behavior\WriteHtmlCacheBehavior [ RunTime:0.000397s ]
INFO: [ view_filter ] --END-- [ RunTime:0.000424s ]
INFO: [ app_end ] --START--
INFO: Run Behavior\ShowPageTraceBehavior [ RunTime:0.000695s ]
INFO: [ app_end ] --END-- [ RunTime:0.000737s ]

[ 2017-08-19T09:27:30+08:00 ] 127.0.0.1 /
INFO: [ app_init ] --START--
INFO: Run Behavior\BuildLiteBehavior [ RunTime:0.000010s ]
INFO: [ app_init ] --END-- [ RunTime:0.000314s ]
INFO: [ app_begin ] --START--
INFO: Run Behavior\ReadHtmlCacheBehavior [ RunTime:0.000476s ]
INFO: [ app_begin ] --END-- [ RunTime:0.000518s ]
SQL: SHOW COLUMNS FROM `my_article` [ RunTime:0.0025s ]
SQL: SELECT * FROM `my_article` WHERE `article_del` = 1  [ RunTime:0.0005s ]
SQL: SHOW COLUMNS FROM `my_type` [ RunTime:0.0026s ]
SQL: SELECT * FROM `my_type` WHERE ( 1=1 AND type_id='1' ) LIMIT 1   [ RunTime:0.0003s ]
SQL: SELECT * FROM `my_type` WHERE ( 1=1 AND type_id='2' ) LIMIT 1   [ RunTime:0.0007s ]
SQL: SELECT * FROM `my_type` WHERE ( 1=1 AND type_id='1' ) LIMIT 1   [ RunTime:0.0003s ]
SQL: SELECT * FROM `my_type` WHERE ( 1=1 AND type_id='9' ) LIMIT 1   [ RunTime:0.0002s ]
SQL: SELECT * FROM `my_type` WHERE ( 1=1 AND type_id='3' ) LIMIT 1   [ RunTime:0.0002s ]
SQL: SELECT * FROM `my_type` WHERE ( 1=1 AND type_id='1' ) LIMIT 1   [ RunTime:0.0002s ]
SQL: SELECT * FROM `my_type` WHERE ( 1=1 AND type_id='1' ) LIMIT 1   [ RunTime:0.0002s ]
SQL: SELECT * FROM `my_type` WHERE ( 1=1 AND type_id='1' ) LIMIT 1   [ RunTime:0.0002s ]
INFO: [ view_parse ] --START--
INFO: [ template_filter ] --START--
INFO: Run Behavior\ContentReplaceBehavior [ RunTime:0.000064s ]
INFO: [ template_filter ] --END-- [ RunTime:0.000099s ]
INFO: Run Behavior\ParseTemplateBehavior [ RunTime:0.008306s ]
INFO: [ view_parse ] --END-- [ RunTime:0.008342s ]
INFO: [ view_filter ] --START--
INFO: Run Behavior\WriteHtmlCacheBehavior [ RunTime:0.000370s ]
INFO: [ view_filter ] --END-- [ RunTime:0.000397s ]
INFO: [ app_end ] --START--
INFO: Run Behavior\ShowPageTraceBehavior [ RunTime:0.001818s ]
INFO: [ app_end ] --END-- [ RunTime:0.002005s ]

[ 2017-08-19T10:19:10+08:00 ] 127.0.0.1 /
INFO: [ app_init ] --START--
INFO: Run Behavior\BuildLiteBehavior [ RunTime:0.000011s ]
INFO: [ app_init ] --END-- [ RunTime:0.000318s ]
INFO: [ app_begin ] --START--
INFO: Run Behavior\ReadHtmlCacheBehavior [ RunTime:0.000493s ]
INFO: [ app_begin ] --END-- [ RunTime:0.000532s ]
SQL: SHOW COLUMNS FROM `my_article` [ RunTime:0.0054s ]
SQL: SELECT * FROM `my_article` WHERE `article_del` = 1  [ RunTime:0.0007s ]
SQL: SHOW COLUMNS FROM `my_type` [ RunTime:0.0028s ]
SQL: SELECT * FROM `my_type` WHERE ( 1=1 AND type_id='1' ) LIMIT 1   [ RunTime:0.0003s ]
SQL: SELECT * FROM `my_type` WHERE ( 1=1 AND type_id='2' ) LIMIT 1   [ RunTime:0.0003s ]
SQL: SELECT * FROM `my_type` WHERE ( 1=1 AND type_id='1' ) LIMIT 1   [ RunTime:0.0003s ]
SQL: SELECT * FROM `my_type` WHERE ( 1=1 AND type_id='9' ) LIMIT 1   [ RunTime:0.0003s ]
SQL: SELECT * FROM `my_type` WHERE ( 1=1 AND type_id='3' ) LIMIT 1   [ RunTime:0.0002s ]
SQL: SELECT * FROM `my_type` WHERE ( 1=1 AND type_id='1' ) LIMIT 1   [ RunTime:0.0003s ]
SQL: SELECT * FROM `my_type` WHERE ( 1=1 AND type_id='1' ) LIMIT 1   [ RunTime:0.0003s ]
SQL: SELECT * FROM `my_type` WHERE ( 1=1 AND type_id='1' ) LIMIT 1   [ RunTime:0.0003s ]
INFO: [ view_parse ] --START--
INFO: [ template_filter ] --START--
INFO: Run Behavior\ContentReplaceBehavior [ RunTime:0.000067s ]
INFO: [ template_filter ] --END-- [ RunTime:0.000109s ]
INFO: Run Behavior\ParseTemplateBehavior [ RunTime:0.009893s ]
INFO: [ view_parse ] --END-- [ RunTime:0.009934s ]
INFO: [ view_filter ] --START--
INFO: Run Behavior\WriteHtmlCacheBehavior [ RunTime:0.000347s ]
INFO: [ view_filter ] --END-- [ RunTime:0.000375s ]
INFO: [ app_end ] --START--
INFO: Run Behavior\ShowPageTraceBehavior [ RunTime:0.000681s ]
INFO: [ app_end ] --END-- [ RunTime:0.000722s ]

[ 2017-08-19T10:19:12+08:00 ] 127.0.0.1 /index.php/Home/Detail/detail.html
INFO: [ app_init ] --START--
INFO: Run Behavior\BuildLiteBehavior [ RunTime:0.000010s ]
INFO: [ app_init ] --END-- [ RunTime:0.000273s ]
INFO: [ app_begin ] --START--
INFO: Run Behavior\ReadHtmlCacheBehavior [ RunTime:0.000337s ]
INFO: [ app_begin ] --END-- [ RunTime:0.000375s ]
INFO: [ view_parse ] --START--
INFO: [ template_filter ] --START--
INFO: Run Behavior\ContentReplaceBehavior [ RunTime:0.000069s ]
INFO: [ template_filter ] --END-- [ RunTime:0.000108s ]
INFO: Run Behavior\ParseTemplateBehavior [ RunTime:0.008088s ]
INFO: [ view_parse ] --END-- [ RunTime:0.008133s ]
INFO: [ view_filter ] --START--
INFO: Run Behavior\WriteHtmlCacheBehavior [ RunTime:0.000727s ]
INFO: [ view_filter ] --END-- [ RunTime:0.000794s ]
INFO: [ app_end ] --START--
INFO: Run Behavior\ShowPageTraceBehavior [ RunTime:0.000576s ]
INFO: [ app_end ] --END-- [ RunTime:0.000628s ]

[ 2017-08-19T10:19:22+08:00 ] 127.0.0.1 /index.php/Home/Detail/detail.html
INFO: [ app_init ] --START--
INFO: Run Behavior\BuildLiteBehavior [ RunTime:0.000011s ]
INFO: [ app_init ] --END-- [ RunTime:0.000315s ]
INFO: [ app_begin ] --START--
INFO: Run Behavior\ReadHtmlCacheBehavior [ RunTime:0.000323s ]
INFO: [ app_begin ] --END-- [ RunTime:0.000358s ]
INFO: [ view_parse ] --START--
INFO: [ template_filter ] --START--
INFO: Run Behavior\ContentReplaceBehavior [ RunTime:0.000108s ]
INFO: [ template_filter ] --END-- [ RunTime:0.000151s ]
INFO: Run Behavior\ParseTemplateBehavior [ RunTime:0.007958s ]
INFO: [ view_parse ] --END-- [ RunTime:0.007997s ]
INFO: [ view_filter ] --START--
INFO: Run Behavior\WriteHtmlCacheBehavior [ RunTime:0.000457s ]
INFO: [ view_filter ] --END-- [ RunTime:0.000528s ]
INFO: [ app_end ] --START--
INFO: Run Behavior\ShowPageTraceBehavior [ RunTime:0.000474s ]
INFO: [ app_end ] --END-- [ RunTime:0.000516s ]

[ 2017-08-19T10:20:20+08:00 ] 127.0.0.1 /
INFO: [ app_init ] --START--
INFO: Run Behavior\BuildLiteBehavior [ RunTime:0.000010s ]
INFO: [ app_init ] --END-- [ RunTime:0.000355s ]
INFO: [ app_begin ] --START--
INFO: Run Behavior\ReadHtmlCacheBehavior [ RunTime:0.000699s ]
INFO: [ app_begin ] --END-- [ RunTime:0.000757s ]
SQL: SHOW COLUMNS FROM `my_article` [ RunTime:0.0036s ]
SQL: SELECT * FROM `my_article` WHERE `article_del` = 1  [ RunTime:0.0005s ]
SQL: SHOW COLUMNS FROM `my_type` [ RunTime:0.0024s ]
SQL: SELECT * FROM `my_type` WHERE ( 1=1 AND type_id='1' ) LIMIT 1   [ RunTime:0.0003s ]
SQL: SELECT * FROM `my_type` WHERE ( 1=1 AND type_id='2' ) LIMIT 1   [ RunTime:0.0003s ]
SQL: SELECT * FROM `my_type` WHERE ( 1=1 AND type_id='1' ) LIMIT 1   [ RunTime:0.0003s ]
SQL: SELECT * FROM `my_type` WHERE ( 1=1 AND type_id='9' ) LIMIT 1   [ RunTime:0.0004s ]
SQL: SELECT * FROM `my_type` WHERE ( 1=1 AND type_id='3' ) LIMIT 1   [ RunTime:0.0003s ]
SQL: SELECT * FROM `my_type` WHERE ( 1=1 AND type_id='1' ) LIMIT 1   [ RunTime:0.0003s ]
SQL: SELECT * FROM `my_type` WHERE ( 1=1 AND type_id='1' ) LIMIT 1   [ RunTime:0.0003s ]
SQL: SELECT * FROM `my_type` WHERE ( 1=1 AND type_id='1' ) LIMIT 1   [ RunTime:0.0003s ]
INFO: [ view_parse ] --START--
INFO: [ template_filter ] --START--
INFO: Run Behavior\ContentReplaceBehavior [ RunTime:0.000064s ]
INFO: [ template_filter ] --END-- [ RunTime:0.000107s ]
INFO: Run Behavior\ParseTemplateBehavior [ RunTime:0.009892s ]
INFO: [ view_parse ] --END-- [ RunTime:0.009929s ]
INFO: [ view_filter ] --START--
INFO: Run Behavior\WriteHtmlCacheBehavior [ RunTime:0.000336s ]
INFO: [ view_filter ] --END-- [ RunTime:0.000365s ]
INFO: [ app_end ] --START--
INFO: Run Behavior\ShowPageTraceBehavior [ RunTime:0.000888s ]
INFO: [ app_end ] --END-- [ RunTime:0.000976s ]

[ 2017-08-19T14:45:11+08:00 ] 127.0.0.1 /index.php/Home/Article/article.html
INFO: [ app_init ] --START--
INFO: Run Behavior\BuildLiteBehavior [ RunTime:0.000010s ]
INFO: [ app_init ] --END-- [ RunTime:0.000358s ]
INFO: [ app_begin ] --START--
INFO: Run Behavior\ReadHtmlCacheBehavior [ RunTime:0.001113s ]
INFO: [ app_begin ] --END-- [ RunTime:0.001183s ]
INFO: [ view_parse ] --START--
INFO: [ template_filter ] --START--
INFO: Run Behavior\ContentReplaceBehavior [ RunTime:0.000103s ]
INFO: [ template_filter ] --END-- [ RunTime:0.000149s ]
INFO: Run Behavior\ParseTemplateBehavior [ RunTime:0.009923s ]
INFO: [ view_parse ] --END-- [ RunTime:0.009965s ]
INFO: [ view_filter ] --START--
INFO: Run Behavior\WriteHtmlCacheBehavior [ RunTime:0.000487s ]
INFO: [ view_filter ] --END-- [ RunTime:0.000518s ]
INFO: [ app_end ] --START--
INFO: Run Behavior\ShowPageTraceBehavior [ RunTime:0.000965s ]
INFO: [ app_end ] --END-- [ RunTime:0.001025s ]

[ 2017-08-19T14:45:12+08:00 ] 127.0.0.1 /index.php/Home/Resource/resource.html
INFO: [ app_init ] --START--
INFO: Run Behavior\BuildLiteBehavior [ RunTime:0.000010s ]
INFO: [ app_init ] --END-- [ RunTime:0.000670s ]
INFO: [ app_begin ] --START--
INFO: Run Behavior\ReadHtmlCacheBehavior [ RunTime:0.000701s ]
INFO: [ app_begin ] --END-- [ RunTime:0.000747s ]
INFO: [ view_parse ] --START--
INFO: [ template_filter ] --START--
INFO: Run Behavior\ContentReplaceBehavior [ RunTime:0.000062s ]
INFO: [ template_filter ] --END-- [ RunTime:0.000099s ]
INFO: Run Behavior\ParseTemplateBehavior [ RunTime:0.007381s ]
INFO: [ view_parse ] --END-- [ RunTime:0.007419s ]
INFO: [ view_filter ] --START--
INFO: Run Behavior\WriteHtmlCacheBehavior [ RunTime:0.000453s ]
INFO: [ view_filter ] --END-- [ RunTime:0.000480s ]
INFO: [ app_end ] --START--
INFO: Run Behavior\ShowPageTraceBehavior [ RunTime:0.000987s ]
INFO: [ app_end ] --END-- [ RunTime:0.001024s ]

[ 2017-08-19T14:45:12+08:00 ] 127.0.0.1 /index.php/Home/Timeline/timeline.html
INFO: [ app_init ] --START--
INFO: Run Behavior\BuildLiteBehavior [ RunTime:0.000009s ]
INFO: [ app_init ] --END-- [ RunTime:0.000344s ]
INFO: [ app_begin ] --START--
INFO: Run Behavior\ReadHtmlCacheBehavior [ RunTime:0.000596s ]
INFO: [ app_begin ] --END-- [ RunTime:0.000634s ]
INFO: [ view_parse ] --START--
INFO: [ template_filter ] --START--
INFO: Run Behavior\ContentReplaceBehavior [ RunTime:0.000068s ]
INFO: [ template_filter ] --END-- [ RunTime:0.000112s ]
INFO: Run Behavior\ParseTemplateBehavior [ RunTime:0.009115s ]
INFO: [ view_parse ] --END-- [ RunTime:0.009154s ]
INFO: [ view_filter ] --START--
INFO: Run Behavior\WriteHtmlCacheBehavior [ RunTime:0.000509s ]
INFO: [ view_filter ] --END-- [ RunTime:0.000537s ]
INFO: [ app_end ] --START--
INFO: Run Behavior\ShowPageTraceBehavior [ RunTime:0.000958s ]
INFO: [ app_end ] --END-- [ RunTime:0.000998s ]

[ 2017-08-19T14:45:13+08:00 ] 127.0.0.1 /index.php/Home/Article/article.html
INFO: [ app_init ] --START--
INFO: Run Behavior\BuildLiteBehavior [ RunTime:0.000024s ]
INFO: [ app_init ] --END-- [ RunTime:0.000948s ]
INFO: [ app_begin ] --START--
INFO: Run Behavior\ReadHtmlCacheBehavior [ RunTime:0.000709s ]
INFO: [ app_begin ] --END-- [ RunTime:0.000772s ]
INFO: [ view_parse ] --START--
INFO: [ template_filter ] --START--
INFO: Run Behavior\ContentReplaceBehavior [ RunTime:0.000077s ]
INFO: [ template_filter ] --END-- [ RunTime:0.000113s ]
INFO: Run Behavior\ParseTemplateBehavior [ RunTime:0.009054s ]
INFO: [ view_parse ] --END-- [ RunTime:0.009093s ]
INFO: [ view_filter ] --START--
INFO: Run Behavior\WriteHtmlCacheBehavior [ RunTime:0.000523s ]
INFO: [ view_filter ] --END-- [ RunTime:0.000554s ]
INFO: [ app_end ] --START--
INFO: Run Behavior\ShowPageTraceBehavior [ RunTime:0.001575s ]
INFO: [ app_end ] --END-- [ RunTime:0.001634s ]

[ 2017-08-19T14:45:46+08:00 ] 127.0.0.1 /index.php/Home/index/index.html
INFO: [ app_init ] --START--
INFO: Run Behavior\BuildLiteBehavior [ RunTime:0.000010s ]
INFO: [ app_init ] --END-- [ RunTime:0.000358s ]
INFO: [ app_begin ] --START--
INFO: Run Behavior\ReadHtmlCacheBehavior [ RunTime:0.000617s ]
INFO: [ app_begin ] --END-- [ RunTime:0.000658s ]
SQL: SHOW COLUMNS FROM `my_article` [ RunTime:0.0030s ]
SQL: SELECT * FROM `my_article` WHERE `article_del` = 1  [ RunTime:0.0003s ]
SQL: SHOW COLUMNS FROM `my_type` [ RunTime:0.0021s ]
SQL: SELECT * FROM `my_type` WHERE ( 1=1 AND type_id='1' ) LIMIT 1   [ RunTime:0.0003s ]
SQL: SELECT * FROM `my_type` WHERE ( 1=1 AND type_id='2' ) LIMIT 1   [ RunTime:0.0002s ]
SQL: SELECT * FROM `my_type` WHERE ( 1=1 AND type_id='1' ) LIMIT 1   [ RunTime:0.0002s ]
SQL: SELECT * FROM `my_type` WHERE ( 1=1 AND type_id='9' ) LIMIT 1   [ RunTime:0.0003s ]
SQL: SELECT * FROM `my_type` WHERE ( 1=1 AND type_id='3' ) LIMIT 1   [ RunTime:0.0002s ]
SQL: SELECT * FROM `my_type` WHERE ( 1=1 AND type_id='1' ) LIMIT 1   [ RunTime:0.0002s ]
SQL: SELECT * FROM `my_type` WHERE ( 1=1 AND type_id='1' ) LIMIT 1   [ RunTime:0.0002s ]
SQL: SELECT * FROM `my_type` WHERE ( 1=1 AND type_id='1' ) LIMIT 1   [ RunTime:0.0002s ]
INFO: [ view_parse ] --START--
INFO: [ template_filter ] --START--
INFO: Run Behavior\ContentReplaceBehavior [ RunTime:0.000061s ]
INFO: [ template_filter ] --END-- [ RunTime:0.000099s ]
INFO: Run Behavior\ParseTemplateBehavior [ RunTime:0.009088s ]
INFO: [ view_parse ] --END-- [ RunTime:0.009124s ]
INFO: [ view_filter ] --START--
INFO: Run Behavior\WriteHtmlCacheBehavior [ RunTime:0.000500s ]
INFO: [ view_filter ] --END-- [ RunTime:0.000528s ]
INFO: [ app_end ] --START--
INFO: Run Behavior\ShowPageTraceBehavior [ RunTime:0.000965s ]
INFO: [ app_end ] --END-- [ RunTime:0.001006s ]

[ 2017-08-19T14:45:52+08:00 ] 127.0.0.1 /index.php/Home/Resource/resource.html
INFO: [ app_init ] --START--
INFO: Run Behavior\BuildLiteBehavior [ RunTime:0.000028s ]
INFO: [ app_init ] --END-- [ RunTime:0.001009s ]
INFO: [ app_begin ] --START--
INFO: Run Behavior\ReadHtmlCacheBehavior [ RunTime:0.000497s ]
INFO: [ app_begin ] --END-- [ RunTime:0.000583s ]
INFO: [ view_parse ] --START--
INFO: [ template_filter ] --START--
INFO: Run Behavior\ContentReplaceBehavior [ RunTime:0.000063s ]
INFO: [ template_filter ] --END-- [ RunTime:0.000107s ]
INFO: Run Behavior\ParseTemplateBehavior [ RunTime:0.007493s ]
INFO: [ view_parse ] --END-- [ RunTime:0.007532s ]
INFO: [ view_filter ] --START--
INFO: Run Behavior\WriteHtmlCacheBehavior [ RunTime:0.000479s ]
INFO: [ view_filter ] --END-- [ RunTime:0.000510s ]
INFO: [ app_end ] --START--
INFO: Run Behavior\ShowPageTraceBehavior [ RunTime:0.001103s ]
INFO: [ app_end ] --END-- [ RunTime:0.001185s ]

[ 2017-08-19T14:45:57+08:00 ] 127.0.0.1 /index.php/Home/Timeline/timeline.html
INFO: [ app_init ] --START--
INFO: Run Behavior\BuildLiteBehavior [ RunTime:0.000010s ]
INFO: [ app_init ] --END-- [ RunTime:0.000260s ]
INFO: [ app_begin ] --START--
INFO: Run Behavior\ReadHtmlCacheBehavior [ RunTime:0.000326s ]
INFO: [ app_begin ] --END-- [ RunTime:0.000362s ]
INFO: [ view_parse ] --START--
INFO: [ template_filter ] --START--
INFO: Run Behavior\ContentReplaceBehavior [ RunTime:0.000107s ]
INFO: [ template_filter ] --END-- [ RunTime:0.000157s ]
INFO: Run Behavior\ParseTemplateBehavior [ RunTime:0.008945s ]
INFO: [ view_parse ] --END-- [ RunTime:0.008981s ]
INFO: [ view_filter ] --START--
INFO: Run Behavior\WriteHtmlCacheBehavior [ RunTime:0.000342s ]
INFO: [ view_filter ] --END-- [ RunTime:0.000372s ]
INFO: [ app_end ] --START--
INFO: Run Behavior\ShowPageTraceBehavior [ RunTime:0.000763s ]
INFO: [ app_end ] --END-- [ RunTime:0.000807s ]

[ 2017-08-19T14:46:00+08:00 ] 127.0.0.1 /index.php/Home/About/about.html
INFO: [ app_init ] --START--
INFO: Run Behavior\BuildLiteBehavior [ RunTime:0.000010s ]
INFO: [ app_init ] --END-- [ RunTime:0.000267s ]
INFO: [ app_begin ] --START--
INFO: Run Behavior\ReadHtmlCacheBehavior [ RunTime:0.000380s ]
INFO: [ app_begin ] --END-- [ RunTime:0.000442s ]
INFO: [ view_parse ] --START--
INFO: [ template_filter ] --START--
INFO: Run Behavior\ContentReplaceBehavior [ RunTime:0.000081s ]
INFO: [ template_filter ] --END-- [ RunTime:0.000123s ]
INFO: Run Behavior\ParseTemplateBehavior [ RunTime:0.009353s ]
INFO: [ view_parse ] --END-- [ RunTime:0.009431s ]
INFO: [ view_filter ] --START--
INFO: Run Behavior\WriteHtmlCacheBehavior [ RunTime:0.000330s ]
INFO: [ view_filter ] --END-- [ RunTime:0.000358s ]
INFO: [ app_end ] --START--
INFO: Run Behavior\ShowPageTraceBehavior [ RunTime:0.000639s ]
INFO: [ app_end ] --END-- [ RunTime:0.000697s ]

[ 2017-08-19T14:46:36+08:00 ] 127.0.0.1 /index.php/Home/About/about.html
INFO: [ app_init ] --START--
INFO: Run Behavior\BuildLiteBehavior [ RunTime:0.000012s ]
INFO: [ app_init ] --END-- [ RunTime:0.000341s ]
INFO: [ app_begin ] --START--
INFO: Run Behavior\ReadHtmlCacheBehavior [ RunTime:0.000491s ]
INFO: [ app_begin ] --END-- [ RunTime:0.000529s ]
INFO: [ view_parse ] --START--
INFO: [ template_filter ] --START--
INFO: Run Behavior\ContentReplaceBehavior [ RunTime:0.000080s ]
INFO: [ template_filter ] --END-- [ RunTime:0.000130s ]
INFO: Run Behavior\ParseTemplateBehavior [ RunTime:0.007608s ]
INFO: [ view_parse ] --END-- [ RunTime:0.007644s ]
INFO: [ view_filter ] --START--
INFO: Run Behavior\WriteHtmlCacheBehavior [ RunTime:0.000358s ]
INFO: [ view_filter ] --END-- [ RunTime:0.000405s ]
INFO: [ app_end ] --START--
INFO: Run Behavior\ShowPageTraceBehavior [ RunTime:0.000695s ]
INFO: [ app_end ] --END-- [ RunTime:0.000771s ]

[ 2017-08-19T14:46:48+08:00 ] 127.0.0.1 /index.php/Home/index/index.html
INFO: [ app_init ] --START--
INFO: Run Behavior\BuildLiteBehavior [ RunTime:0.000012s ]
INFO: [ app_init ] --END-- [ RunTime:0.000318s ]
INFO: [ app_begin ] --START--
INFO: Run Behavior\ReadHtmlCacheBehavior [ RunTime:0.000500s ]
INFO: [ app_begin ] --END-- [ RunTime:0.000561s ]
SQL: SHOW COLUMNS FROM `my_article` [ RunTime:0.0042s ]
SQL: SELECT * FROM `my_article` WHERE `article_del` = 1  [ RunTime:0.0004s ]
SQL: SHOW COLUMNS FROM `my_type` [ RunTime:0.0027s ]
SQL: SELECT * FROM `my_type` WHERE ( 1=1 AND type_id='1' ) LIMIT 1   [ RunTime:0.0003s ]
SQL: SELECT * FROM `my_type` WHERE ( 1=1 AND type_id='2' ) LIMIT 1   [ RunTime:0.0004s ]
SQL: SELECT * FROM `my_type` WHERE ( 1=1 AND type_id='1' ) LIMIT 1   [ RunTime:0.0003s ]
SQL: SELECT * FROM `my_type` WHERE ( 1=1 AND type_id='9' ) LIMIT 1   [ RunTime:0.0003s ]
SQL: SELECT * FROM `my_type` WHERE ( 1=1 AND type_id='3' ) LIMIT 1   [ RunTime:0.0004s ]
SQL: SELECT * FROM `my_type` WHERE ( 1=1 AND type_id='1' ) LIMIT 1   [ RunTime:0.0004s ]
SQL: SELECT * FROM `my_type` WHERE ( 1=1 AND type_id='1' ) LIMIT 1   [ RunTime:0.0002s ]
SQL: SELECT * FROM `my_type` WHERE ( 1=1 AND type_id='1' ) LIMIT 1   [ RunTime:0.0003s ]
INFO: [ view_parse ] --START--
INFO: [ template_filter ] --START--
INFO: Run Behavior\ContentReplaceBehavior [ RunTime:0.000062s ]
INFO: [ template_filter ] --END-- [ RunTime:0.000099s ]
INFO: Run Behavior\ParseTemplateBehavior [ RunTime:0.008780s ]
INFO: [ view_parse ] --END-- [ RunTime:0.008818s ]
INFO: [ view_filter ] --START--
INFO: Run Behavior\WriteHtmlCacheBehavior [ RunTime:0.000393s ]
INFO: [ view_filter ] --END-- [ RunTime:0.000424s ]
INFO: [ app_end ] --START--
INFO: Run Behavior\ShowPageTraceBehavior [ RunTime:0.000546s ]
INFO: [ app_end ] --END-- [ RunTime:0.000607s ]

[ 2017-08-19T14:46:59+08:00 ] 127.0.0.1 /index.php/Home/Article/article.html
INFO: [ app_init ] --START--
INFO: Run Behavior\BuildLiteBehavior [ RunTime:0.000010s ]
INFO: [ app_init ] --END-- [ RunTime:0.000328s ]
INFO: [ app_begin ] --START--
INFO: Run Behavior\ReadHtmlCacheBehavior [ RunTime:0.000344s ]
INFO: [ app_begin ] --END-- [ RunTime:0.000423s ]
INFO: [ view_parse ] --START--
INFO: [ template_filter ] --START--
INFO: Run Behavior\ContentReplaceBehavior [ RunTime:0.000078s ]
INFO: [ template_filter ] --END-- [ RunTime:0.000122s ]
INFO: Run Behavior\ParseTemplateBehavior [ RunTime:0.009202s ]
INFO: [ view_parse ] --END-- [ RunTime:0.009242s ]
INFO: [ view_filter ] --START--
INFO: Run Behavior\WriteHtmlCacheBehavior [ RunTime:0.000355s ]
INFO: [ view_filter ] --END-- [ RunTime:0.000385s ]
INFO: [ app_end ] --START--
INFO: Run Behavior\ShowPageTraceBehavior [ RunTime:0.000433s ]
INFO: [ app_end ] --END-- [ RunTime:0.000467s ]

[ 2017-08-19T14:47:00+08:00 ] 127.0.0.1 /index.php/Home/index/index.html
INFO: [ app_init ] --START--
INFO: Run Behavior\BuildLiteBehavior [ RunTime:0.000009s ]
INFO: [ app_init ] --END-- [ RunTime:0.000298s ]
INFO: [ app_begin ] --START--
INFO: Run Behavior\ReadHtmlCacheBehavior [ RunTime:0.000390s ]
INFO: [ app_begin ] --END-- [ RunTime:0.000426s ]
SQL: SHOW COLUMNS FROM `my_article` [ RunTime:0.0043s ]
SQL: SELECT * FROM `my_article` WHERE `article_del` = 1  [ RunTime:0.0004s ]
SQL: SHOW COLUMNS FROM `my_type` [ RunTime:0.0023s ]
SQL: SELECT * FROM `my_type` WHERE ( 1=1 AND type_id='1' ) LIMIT 1   [ RunTime:0.0002s ]
SQL: SELECT * FROM `my_type` WHERE ( 1=1 AND type_id='2' ) LIMIT 1   [ RunTime:0.0002s ]
SQL: SELECT * FROM `my_type` WHERE ( 1=1 AND type_id='1' ) LIMIT 1   [ RunTime:0.0002s ]
SQL: SELECT * FROM `my_type` WHERE ( 1=1 AND type_id='9' ) LIMIT 1   [ RunTime:0.0002s ]
SQL: SELECT * FROM `my_type` WHERE ( 1=1 AND type_id='3' ) LIMIT 1   [ RunTime:0.0002s ]
SQL: SELECT * FROM `my_type` WHERE ( 1=1 AND type_id='1' ) LIMIT 1   [ RunTime:0.0002s ]
SQL: SELECT * FROM `my_type` WHERE ( 1=1 AND type_id='1' ) LIMIT 1   [ RunTime:0.0002s ]
SQL: SELECT * FROM `my_type` WHERE ( 1=1 AND type_id='1' ) LIMIT 1   [ RunTime:0.0002s ]
INFO: [ view_parse ] --START--
INFO: [ template_filter ] --START--
INFO: Run Behavior\ContentReplaceBehavior [ RunTime:0.000062s ]
INFO: [ template_filter ] --END-- [ RunTime:0.000096s ]
INFO: Run Behavior\ParseTemplateBehavior [ RunTime:0.007854s ]
INFO: [ view_parse ] --END-- [ RunTime:0.007912s ]
INFO: [ view_filter ] --START--
INFO: Run Behavior\WriteHtmlCacheBehavior [ RunTime:0.000340s ]
INFO: [ view_filter ] --END-- [ RunTime:0.000370s ]
INFO: [ app_end ] --START--
INFO: Run Behavior\ShowPageTraceBehavior [ RunTime:0.000605s ]
INFO: [ app_end ] --END-- [ RunTime:0.000641s ]

[ 2017-08-19T14:47:01+08:00 ] 127.0.0.1 /index.php/Home/Timeline/timeline.html
INFO: [ app_init ] --START--
INFO: Run Behavior\BuildLiteBehavior [ RunTime:0.000010s ]
INFO: [ app_init ] --END-- [ RunTime:0.000321s ]
INFO: [ app_begin ] --START--
INFO: Run Behavior\ReadHtmlCacheBehavior [ RunTime:0.000498s ]
INFO: [ app_begin ] --END-- [ RunTime:0.000533s ]
INFO: [ view_parse ] --START--
INFO: [ template_filter ] --START--
INFO: Run Behavior\ContentReplaceBehavior [ RunTime:0.000076s ]
INFO: [ template_filter ] --END-- [ RunTime:0.000160s ]
INFO: Run Behavior\ParseTemplateBehavior [ RunTime:0.008248s ]
INFO: [ view_parse ] --END-- [ RunTime:0.008329s ]
INFO: [ view_filter ] --START--
INFO: Run Behavior\WriteHtmlCacheBehavior [ RunTime:0.000315s ]
INFO: [ view_filter ] --END-- [ RunTime:0.000344s ]
INFO: [ app_end ] --START--
INFO: Run Behavior\ShowPageTraceBehavior [ RunTime:0.000499s ]
INFO: [ app_end ] --END-- [ RunTime:0.000534s ]

[ 2017-08-19T14:47:02+08:00 ] 127.0.0.1 /index.php/Home/Resource/resource.html
INFO: [ app_init ] --START--
INFO: Run Behavior\BuildLiteBehavior [ RunTime:0.000009s ]
INFO: [ app_init ] --END-- [ RunTime:0.000287s ]
INFO: [ app_begin ] --START--
INFO: Run Behavior\ReadHtmlCacheBehavior [ RunTime:0.000465s ]
INFO: [ app_begin ] --END-- [ RunTime:0.000501s ]
INFO: [ view_parse ] --START--
INFO: [ template_filter ] --START--
INFO: Run Behavior\ContentReplaceBehavior [ RunTime:0.000082s ]
INFO: [ template_filter ] --END-- [ RunTime:0.000127s ]
INFO: Run Behavior\ParseTemplateBehavior [ RunTime:0.008111s ]
INFO: [ view_parse ] --END-- [ RunTime:0.008150s ]
INFO: [ view_filter ] --START--
INFO: Run Behavior\WriteHtmlCacheBehavior [ RunTime:0.000387s ]
INFO: [ view_filter ] --END-- [ RunTime:0.000417s ]
INFO: [ app_end ] --START--
INFO: Run Behavior\ShowPageTraceBehavior [ RunTime:0.000633s ]
INFO: [ app_end ] --END-- [ RunTime:0.000679s ]

[ 2017-08-19T14:47:02+08:00 ] 127.0.0.1 /index.php/Home/index/index.html
INFO: [ app_init ] --START--
INFO: Run Behavior\BuildLiteBehavior [ RunTime:0.000009s ]
INFO: [ app_init ] --END-- [ RunTime:0.000259s ]
INFO: [ app_begin ] --START--
INFO: Run Behavior\ReadHtmlCacheBehavior [ RunTime:0.000331s ]
INFO: [ app_begin ] --END-- [ RunTime:0.000385s ]
SQL: SHOW COLUMNS FROM `my_article` [ RunTime:0.0043s ]
SQL: SELECT * FROM `my_article` WHERE `article_del` = 1  [ RunTime:0.0004s ]
SQL: SHOW COLUMNS FROM `my_type` [ RunTime:0.0026s ]
SQL: SELECT * FROM `my_type` WHERE ( 1=1 AND type_id='1' ) LIMIT 1   [ RunTime:0.0003s ]
SQL: SELECT * FROM `my_type` WHERE ( 1=1 AND type_id='2' ) LIMIT 1   [ RunTime:0.0003s ]
SQL: SELECT * FROM `my_type` WHERE ( 1=1 AND type_id='1' ) LIMIT 1   [ RunTime:0.0003s ]
SQL: SELECT * FROM `my_type` WHERE ( 1=1 AND type_id='9' ) LIMIT 1   [ RunTime:0.0003s ]
SQL: SELECT * FROM `my_type` WHERE ( 1=1 AND type_id='3' ) LIMIT 1   [ RunTime:0.0003s ]
SQL: SELECT * FROM `my_type` WHERE ( 1=1 AND type_id='1' ) LIMIT 1   [ RunTime:0.0003s ]
SQL: SELECT * FROM `my_type` WHERE ( 1=1 AND type_id='1' ) LIMIT 1   [ RunTime:0.0003s ]
SQL: SELECT * FROM `my_type` WHERE ( 1=1 AND type_id='1' ) LIMIT 1   [ RunTime:0.0003s ]
INFO: [ view_parse ] --START--
INFO: [ template_filter ] --START--
INFO: Run Behavior\ContentReplaceBehavior [ RunTime:0.000106s ]
INFO: [ template_filter ] --END-- [ RunTime:0.000177s ]
INFO: Run Behavior\ParseTemplateBehavior [ RunTime:0.008479s ]
INFO: [ view_parse ] --END-- [ RunTime:0.008515s ]
INFO: [ view_filter ] --START--
INFO: Run Behavior\WriteHtmlCacheBehavior [ RunTime:0.000371s ]
INFO: [ view_filter ] --END-- [ RunTime:0.000399s ]
INFO: [ app_end ] --START--
INFO: Run Behavior\ShowPageTraceBehavior [ RunTime:0.000499s ]
INFO: [ app_end ] --END-- [ RunTime:0.000531s ]

[ 2017-08-19T14:47:06+08:00 ] 127.0.0.1 /index.php/Home/About/about.html
INFO: [ app_init ] --START--
INFO: Run Behavior\BuildLiteBehavior [ RunTime:0.000009s ]
INFO: [ app_init ] --END-- [ RunTime:0.000262s ]
INFO: [ app_begin ] --START--
INFO: Run Behavior\ReadHtmlCacheBehavior [ RunTime:0.000437s ]
INFO: [ app_begin ] --END-- [ RunTime:0.000474s ]
INFO: [ view_parse ] --START--
INFO: [ template_filter ] --START--
INFO: Run Behavior\ContentReplaceBehavior [ RunTime:0.000081s ]
INFO: [ template_filter ] --END-- [ RunTime:0.000123s ]
INFO: Run Behavior\ParseTemplateBehavior [ RunTime:0.009652s ]
INFO: [ view_parse ] --END-- [ RunTime:0.009691s ]
INFO: [ view_filter ] --START--
INFO: Run Behavior\WriteHtmlCacheBehavior [ RunTime:0.000337s ]
INFO: [ view_filter ] --END-- [ RunTime:0.000384s ]
INFO: [ app_end ] --START--
INFO: Run Behavior\ShowPageTraceBehavior [ RunTime:0.000567s ]
INFO: [ app_end ] --END-- [ RunTime:0.000615s ]

[ 2017-08-19T14:47:08+08:00 ] 127.0.0.1 /index.php/Home/index/index.html
INFO: [ app_init ] --START--
INFO: Run Behavior\BuildLiteBehavior [ RunTime:0.000010s ]
INFO: [ app_init ] --END-- [ RunTime:0.000262s ]
INFO: [ app_begin ] --START--
INFO: Run Behavior\ReadHtmlCacheBehavior [ RunTime:0.000391s ]
INFO: [ app_begin ] --END-- [ RunTime:0.000428s ]
SQL: SHOW COLUMNS FROM `my_article` [ RunTime:0.0041s ]
SQL: SELECT * FROM `my_article` WHERE `article_del` = 1  [ RunTime:0.0003s ]
SQL: SHOW COLUMNS FROM `my_type` [ RunTime:0.0023s ]
SQL: SELECT * FROM `my_type` WHERE ( 1=1 AND type_id='1' ) LIMIT 1   [ RunTime:0.0003s ]
SQL: SELECT * FROM `my_type` WHERE ( 1=1 AND type_id='2' ) LIMIT 1   [ RunTime:0.0005s ]
SQL: SELECT * FROM `my_type` WHERE ( 1=1 AND type_id='1' ) LIMIT 1   [ RunTime:0.0003s ]
SQL: SELECT * FROM `my_type` WHERE ( 1=1 AND type_id='9' ) LIMIT 1   [ RunTime:0.0003s ]
SQL: SELECT * FROM `my_type` WHERE ( 1=1 AND type_id='3' ) LIMIT 1   [ RunTime:0.0003s ]
SQL: SELECT * FROM `my_type` WHERE ( 1=1 AND type_id='1' ) LIMIT 1   [ RunTime:0.0003s ]
SQL: SELECT * FROM `my_type` WHERE ( 1=1 AND type_id='1' ) LIMIT 1   [ RunTime:0.0003s ]
SQL: SELECT * FROM `my_type` WHERE ( 1=1 AND type_id='1' ) LIMIT 1   [ RunTime:0.0003s ]
INFO: [ view_parse ] --START--
INFO: [ template_filter ] --START--
INFO: Run Behavior\ContentReplaceBehavior [ RunTime:0.000062s ]
INFO: [ template_filter ] --END-- [ RunTime:0.000099s ]
INFO: Run Behavior\ParseTemplateBehavior [ RunTime:0.007926s ]
INFO: [ view_parse ] --END-- [ RunTime:0.007982s ]
INFO: [ view_filter ] --START--
INFO: Run Behavior\WriteHtmlCacheBehavior [ RunTime:0.000287s ]
INFO: [ view_filter ] --END-- [ RunTime:0.000332s ]
INFO: [ app_end ] --START--
INFO: Run Behavior\ShowPageTraceBehavior [ RunTime:0.000526s ]
INFO: [ app_end ] --END-- [ RunTime:0.000596s ]

