[ 2017-08-16T08:41:35+08:00 ] 127.0.0.1 /Public/images/Logo_40.png
INFO: [ app_init ] --START--
INFO: Run Behavior\BuildLiteBehavior [ RunTime:0.000009s ]
INFO: [ app_init ] --END-- [ RunTime:0.000275s ]
ERR: 无法加载模块:Public

[ 2017-08-16T08:42:29+08:00 ] 127.0.0.1 /favicon.ico
INFO: [ app_init ] --START--
INFO: Run Behavior\BuildLiteBehavior [ RunTime:0.000009s ]
INFO: [ app_init ] --END-- [ RunTime:0.000303s ]
ERR: 无法加载模块:Favicon

[ 2017-08-16T08:42:39+08:00 ] 127.0.0.1 /Public/Admin/images/arrow.gif
INFO: [ app_init ] --START--
INFO: Run Behavior\BuildLiteBehavior [ RunTime:0.000024s ]
INFO: [ app_init ] --END-- [ RunTime:0.000406s ]
ERR: 无法加载模块:Public

[ 2017-08-16T09:11:28+08:00 ] 127.0.0.1 /Public/Admin/images/arrow.gif
INFO: [ app_init ] --START--
INFO: Run Behavior\BuildLiteBehavior [ RunTime:0.000011s ]
INFO: [ app_init ] --END-- [ RunTime:0.000263s ]
ERR: 无法加载模块:Public

[ 2017-08-16T09:32:22+08:00 ] 127.0.0.1 /Public/Admin/images/arrow.gif
INFO: [ app_init ] --START--
INFO: Run Behavior\BuildLiteBehavior [ RunTime:0.000009s ]
INFO: [ app_init ] --END-- [ RunTime:0.000261s ]
ERR: 无法加载模块:Public

[ 2017-08-16T09:49:16+08:00 ] 127.0.0.1 /Public/Admin/images/arrow.gif
INFO: [ app_init ] --START--
INFO: Run Behavior\BuildLiteBehavior [ RunTime:0.000009s ]
INFO: [ app_init ] --END-- [ RunTime:0.000293s ]
ERR: 无法加载模块:Public

[ 2017-08-16T09:50:43+08:00 ] 127.0.0.1 /Public/Admin/images/arrow.gif
INFO: [ app_init ] --START--
INFO: Run Behavior\BuildLiteBehavior [ RunTime:0.000009s ]
INFO: [ app_init ] --END-- [ RunTime:0.000263s ]
ERR: 无法加载模块:Public

[ 2017-08-16T10:02:05+08:00 ] 127.0.0.1 /Public/Admin/images/arrow.gif
INFO: [ app_init ] --START--
INFO: Run Behavior\BuildLiteBehavior [ RunTime:0.000009s ]
INFO: [ app_init ] --END-- [ RunTime:0.000299s ]
ERR: 无法加载模块:Public

[ 2017-08-16T10:03:59+08:00 ] 127.0.0.1 /Public/Admin/images/arrow.gif
INFO: [ app_init ] --START--
INFO: Run Behavior\BuildLiteBehavior [ RunTime:0.000010s ]
INFO: [ app_init ] --END-- [ RunTime:0.000305s ]
ERR: 无法加载模块:Public

[ 2017-08-16T10:08:12+08:00 ] 127.0.0.1 /Public/Admin/images/arrow.gif
INFO: [ app_init ] --START--
INFO: Run Behavior\BuildLiteBehavior [ RunTime:0.000009s ]
INFO: [ app_init ] --END-- [ RunTime:0.000319s ]
ERR: 无法加载模块:Public

[ 2017-08-16T11:48:47+08:00 ] 127.0.0.1 /Public/Admin/datalist.html
INFO: [ app_init ] --START--
INFO: Run Behavior\BuildLiteBehavior [ RunTime:0.000010s ]
INFO: [ app_init ] --END-- [ RunTime:0.000333s ]
ERR: 无法加载模块:Public

[ 2017-08-16T15:09:44+08:00 ] 127.0.0.1 /Public/Admin/images/arrow.gif
INFO: [ app_init ] --START--
INFO: Run Behavior\BuildLiteBehavior [ RunTime:0.000009s ]
INFO: [ app_init ] --END-- [ RunTime:0.000258s ]
ERR: 无法加载模块:Public

[ 2017-08-16T15:10:06+08:00 ] 127.0.0.1 /Public/Admin/images/arrow.gif
INFO: [ app_init ] --START--
INFO: Run Behavior\BuildLiteBehavior [ RunTime:0.000009s ]
INFO: [ app_init ] --END-- [ RunTime:0.000259s ]
ERR: 无法加载模块:Public

[ 2017-08-16T15:28:07+08:00 ] 127.0.0.1 /Public/Admin/images/arrow.gif
INFO: [ app_init ] --START--
INFO: Run Behavior\BuildLiteBehavior [ RunTime:0.000013s ]
INFO: [ app_init ] --END-- [ RunTime:0.000598s ]
ERR: 无法加载模块:Public

[ 2017-08-16T15:28:26+08:00 ] 127.0.0.1 /Public/Admin/images/arrow.gif
INFO: [ app_init ] --START--
INFO: Run Behavior\BuildLiteBehavior [ RunTime:0.000009s ]
INFO: [ app_init ] --END-- [ RunTime:0.000297s ]
ERR: 无法加载模块:Public

[ 2017-08-16T15:29:12+08:00 ] 127.0.0.1 /Public/Admin/images/arrow.gif
INFO: [ app_init ] --START--
INFO: Run Behavior\BuildLiteBehavior [ RunTime:0.000010s ]
INFO: [ app_init ] --END-- [ RunTime:0.000290s ]
ERR: 无法加载模块:Public

[ 2017-08-16T15:48:38+08:00 ] 127.0.0.1 /Public/Admin/images/arrow.gif
INFO: [ app_init ] --START--
INFO: Run Behavior\BuildLiteBehavior [ RunTime:0.000009s ]
INFO: [ app_init ] --END-- [ RunTime:0.000262s ]
ERR: 无法加载模块:Public

[ 2017-08-16T16:00:16+08:00 ] 127.0.0.1 /Public/Admin/images/arrow.gif
INFO: [ app_init ] --START--
INFO: Run Behavior\BuildLiteBehavior [ RunTime:0.000010s ]
INFO: [ app_init ] --END-- [ RunTime:0.000260s ]
ERR: 无法加载模块:Public

[ 2017-08-16T16:00:37+08:00 ] 127.0.0.1 /Public/Admin/images/arrow.gif
INFO: [ app_init ] --START--
INFO: Run Behavior\BuildLiteBehavior [ RunTime:0.000009s ]
INFO: [ app_init ] --END-- [ RunTime:0.000261s ]
ERR: 无法加载模块:Public

[ 2017-08-16T16:12:01+08:00 ] 127.0.0.1 /Public/Admin/images/arrow.gif
INFO: [ app_init ] --START--
INFO: Run Behavior\BuildLiteBehavior [ RunTime:0.000010s ]
INFO: [ app_init ] --END-- [ RunTime:0.000264s ]
ERR: 无法加载模块:Public

[ 2017-08-16T16:14:35+08:00 ] 127.0.0.1 /Public/Admin/images/arrow.gif
INFO: [ app_init ] --START--
INFO: Run Behavior\BuildLiteBehavior [ RunTime:0.000009s ]
INFO: [ app_init ] --END-- [ RunTime:0.000267s ]
ERR: 无法加载模块:Public

[ 2017-08-16T16:37:15+08:00 ] 127.0.0.1 /Public/Admin/font/iconfont.woff?v=1.0.9
INFO: [ app_init ] --START--
INFO: Run Behavior\BuildLiteBehavior [ RunTime:0.000010s ]
INFO: [ app_init ] --END-- [ RunTime:0.000318s ]
ERR: 无法加载模块:Public

[ 2017-08-16T16:37:15+08:00 ] 127.0.0.1 /Public/Admin/font/iconfont.ttf?v=1.0.9
INFO: [ app_init ] --START--
INFO: Run Behavior\BuildLiteBehavior [ RunTime:0.000009s ]
INFO: [ app_init ] --END-- [ RunTime:0.000270s ]
ERR: 无法加载模块:Public

[ 2017-08-16T16:37:16+08:00 ] 127.0.0.1 /Public/Admin/font/iconfont.woff?v=1.0.9
INFO: [ app_init ] --START--
INFO: Run Behavior\BuildLiteBehavior [ RunTime:0.000011s ]
INFO: [ app_init ] --END-- [ RunTime:0.000420s ]
ERR: 无法加载模块:Public

[ 2017-08-16T16:37:17+08:00 ] 127.0.0.1 /Public/Admin/font/iconfont.ttf?v=1.0.9
INFO: [ app_init ] --START--
INFO: Run Behavior\BuildLiteBehavior [ RunTime:0.000010s ]
INFO: [ app_init ] --END-- [ RunTime:0.000260s ]
ERR: 无法加载模块:Public

[ 2017-08-16T16:37:17+08:00 ] 127.0.0.1 /Public/Admin/font/iconfont.woff?v=1.0.9
INFO: [ app_init ] --START--
INFO: Run Behavior\BuildLiteBehavior [ RunTime:0.000010s ]
INFO: [ app_init ] --END-- [ RunTime:0.000297s ]
ERR: 无法加载模块:Public

[ 2017-08-16T16:37:17+08:00 ] 127.0.0.1 /Public/Admin/font/iconfont.ttf?v=1.0.9
INFO: [ app_init ] --START--
INFO: Run Behavior\BuildLiteBehavior [ RunTime:0.000009s ]
INFO: [ app_init ] --END-- [ RunTime:0.000456s ]
ERR: 无法加载模块:Public

[ 2017-08-16T16:38:30+08:00 ] 127.0.0.1 /Public/Admin/font/iconfont.woff?v=1.0.9
INFO: [ app_init ] --START--
INFO: Run Behavior\BuildLiteBehavior [ RunTime:0.000010s ]
INFO: [ app_init ] --END-- [ RunTime:0.000364s ]
ERR: 无法加载模块:Public

[ 2017-08-16T16:38:30+08:00 ] 127.0.0.1 /Public/Admin/font/iconfont.ttf?v=1.0.9
INFO: [ app_init ] --START--
INFO: Run Behavior\BuildLiteBehavior [ RunTime:0.000010s ]
INFO: [ app_init ] --END-- [ RunTime:0.000259s ]
ERR: 无法加载模块:Public

[ 2017-08-16T16:38:32+08:00 ] 127.0.0.1 /Public/Admin/font/iconfont.woff?v=1.0.9
INFO: [ app_init ] --START--
INFO: Run Behavior\BuildLiteBehavior [ RunTime:0.000010s ]
INFO: [ app_init ] --END-- [ RunTime:0.000265s ]
ERR: 无法加载模块:Public

[ 2017-08-16T16:38:32+08:00 ] 127.0.0.1 /Public/Admin/font/iconfont.ttf?v=1.0.9
INFO: [ app_init ] --START--
INFO: Run Behavior\BuildLiteBehavior [ RunTime:0.000010s ]
INFO: [ app_init ] --END-- [ RunTime:0.000256s ]
ERR: 无法加载模块:Public

[ 2017-08-16T16:38:34+08:00 ] 127.0.0.1 /Public/Admin/font/iconfont.woff?v=1.0.9
INFO: [ app_init ] --START--
INFO: Run Behavior\BuildLiteBehavior [ RunTime:0.000009s ]
INFO: [ app_init ] --END-- [ RunTime:0.000259s ]
ERR: 无法加载模块:Public

[ 2017-08-16T16:38:34+08:00 ] 127.0.0.1 /Public/Admin/font/iconfont.ttf?v=1.0.9
INFO: [ app_init ] --START--
INFO: Run Behavior\BuildLiteBehavior [ RunTime:0.000009s ]
INFO: [ app_init ] --END-- [ RunTime:0.000260s ]
ERR: 无法加载模块:Public

[ 2017-08-16T16:38:42+08:00 ] 127.0.0.1 /Public/Admin/font/iconfont.woff?v=1.0.9
INFO: [ app_init ] --START--
INFO: Run Behavior\BuildLiteBehavior [ RunTime:0.000009s ]
INFO: [ app_init ] --END-- [ RunTime:0.000255s ]
ERR: 无法加载模块:Public

[ 2017-08-16T16:38:42+08:00 ] 127.0.0.1 /Public/Admin/font/iconfont.ttf?v=1.0.9
INFO: [ app_init ] --START--
INFO: Run Behavior\BuildLiteBehavior [ RunTime:0.000009s ]
INFO: [ app_init ] --END-- [ RunTime:0.000256s ]
ERR: 无法加载模块:Public

[ 2017-08-16T16:39:46+08:00 ] 127.0.0.1 /Public/Admin/font/iconfont.woff?v=1.0.9
INFO: [ app_init ] --START--
INFO: Run Behavior\BuildLiteBehavior [ RunTime:0.000009s ]
INFO: [ app_init ] --END-- [ RunTime:0.000298s ]
ERR: 无法加载模块:Public

[ 2017-08-16T16:39:46+08:00 ] 127.0.0.1 /Public/Admin/font/iconfont.ttf?v=1.0.9
INFO: [ app_init ] --START--
INFO: Run Behavior\BuildLiteBehavior [ RunTime:0.000010s ]
INFO: [ app_init ] --END-- [ RunTime:0.000339s ]
ERR: 无法加载模块:Public

[ 2017-08-16T16:39:50+08:00 ] 127.0.0.1 /Public/Admin/font/iconfont.woff?v=1.0.9
INFO: [ app_init ] --START--
INFO: Run Behavior\BuildLiteBehavior [ RunTime:0.000010s ]
INFO: [ app_init ] --END-- [ RunTime:0.000264s ]
ERR: 无法加载模块:Public

[ 2017-08-16T16:39:50+08:00 ] 127.0.0.1 /Public/Admin/font/iconfont.ttf?v=1.0.9
INFO: [ app_init ] --START--
INFO: Run Behavior\BuildLiteBehavior [ RunTime:0.000009s ]
INFO: [ app_init ] --END-- [ RunTime:0.000302s ]
ERR: 无法加载模块:Public

[ 2017-08-16T16:40:02+08:00 ] 127.0.0.1 /Public/Admin/font/iconfont.woff?v=1.0.9
INFO: [ app_init ] --START--
INFO: Run Behavior\BuildLiteBehavior [ RunTime:0.000012s ]
INFO: [ app_init ] --END-- [ RunTime:0.000329s ]
ERR: 无法加载模块:Public

[ 2017-08-16T16:40:02+08:00 ] 127.0.0.1 /Public/Admin/font/iconfont.ttf?v=1.0.9
INFO: [ app_init ] --START--
INFO: Run Behavior\BuildLiteBehavior [ RunTime:0.000010s ]
INFO: [ app_init ] --END-- [ RunTime:0.000270s ]
ERR: 无法加载模块:Public

[ 2017-08-16T16:40:13+08:00 ] 127.0.0.1 /Public/Admin/font/iconfont.woff?v=1.0.9
INFO: [ app_init ] --START--
INFO: Run Behavior\BuildLiteBehavior [ RunTime:0.000010s ]
INFO: [ app_init ] --END-- [ RunTime:0.000347s ]
ERR: 无法加载模块:Public

[ 2017-08-16T16:40:13+08:00 ] 127.0.0.1 /Public/Admin/font/iconfont.ttf?v=1.0.9
INFO: [ app_init ] --START--
INFO: Run Behavior\BuildLiteBehavior [ RunTime:0.000010s ]
INFO: [ app_init ] --END-- [ RunTime:0.000360s ]
ERR: 无法加载模块:Public

[ 2017-08-16T16:48:44+08:00 ] 127.0.0.1 /Public/Admin/font/iconfont.woff?v=1.0.9
INFO: [ app_init ] --START--
INFO: Run Behavior\BuildLiteBehavior [ RunTime:0.000010s ]
INFO: [ app_init ] --END-- [ RunTime:0.000265s ]
ERR: 无法加载模块:Public

[ 2017-08-16T16:48:44+08:00 ] 127.0.0.1 /Public/Admin/font/iconfont.ttf?v=1.0.9
INFO: [ app_init ] --START--
INFO: Run Behavior\BuildLiteBehavior [ RunTime:0.000009s ]
INFO: [ app_init ] --END-- [ RunTime:0.000369s ]
ERR: 无法加载模块:Public

[ 2017-08-16T16:52:17+08:00 ] 127.0.0.1 /Public/Admin/font/iconfont.woff
INFO: [ app_init ] --START--
INFO: Run Behavior\BuildLiteBehavior [ RunTime:0.000010s ]
INFO: [ app_init ] --END-- [ RunTime:0.000321s ]
ERR: 无法加载模块:Public

[ 2017-08-16T16:52:17+08:00 ] 127.0.0.1 /Public/Admin/font/iconfont.ttf
INFO: [ app_init ] --START--
INFO: Run Behavior\BuildLiteBehavior [ RunTime:0.000009s ]
INFO: [ app_init ] --END-- [ RunTime:0.000274s ]
ERR: 无法加载模块:Public

[ 2017-08-16T16:52:18+08:00 ] 127.0.0.1 /Public/Admin/font/iconfont.woff
INFO: [ app_init ] --START--
INFO: Run Behavior\BuildLiteBehavior [ RunTime:0.000011s ]
INFO: [ app_init ] --END-- [ RunTime:0.000361s ]
ERR: 无法加载模块:Public

[ 2017-08-16T16:52:18+08:00 ] 127.0.0.1 /Public/Admin/font/iconfont.ttf
INFO: [ app_init ] --START--
INFO: Run Behavior\BuildLiteBehavior [ RunTime:0.000011s ]
INFO: [ app_init ] --END-- [ RunTime:0.000312s ]
ERR: 无法加载模块:Public

[ 2017-08-16T16:52:19+08:00 ] 127.0.0.1 /Public/Admin/font/iconfont.woff
INFO: [ app_init ] --START--
INFO: Run Behavior\BuildLiteBehavior [ RunTime:0.000043s ]
INFO: [ app_init ] --END-- [ RunTime:0.000472s ]
ERR: 无法加载模块:Public

[ 2017-08-16T16:52:19+08:00 ] 127.0.0.1 /Public/Admin/font/iconfont.ttf
INFO: [ app_init ] --START--
INFO: Run Behavior\BuildLiteBehavior [ RunTime:0.000009s ]
INFO: [ app_init ] --END-- [ RunTime:0.000255s ]
ERR: 无法加载模块:Public

[ 2017-08-16T16:52:20+08:00 ] 127.0.0.1 /Public/Admin/font/iconfont.woff
INFO: [ app_init ] --START--
INFO: Run Behavior\BuildLiteBehavior [ RunTime:0.000010s ]
INFO: [ app_init ] --END-- [ RunTime:0.000288s ]
ERR: 无法加载模块:Public

[ 2017-08-16T16:52:20+08:00 ] 127.0.0.1 /Public/Admin/font/iconfont.ttf
INFO: [ app_init ] --START--
INFO: Run Behavior\BuildLiteBehavior [ RunTime:0.000009s ]
INFO: [ app_init ] --END-- [ RunTime:0.000262s ]
ERR: 无法加载模块:Public

[ 2017-08-16T16:52:20+08:00 ] 127.0.0.1 /Public/Admin/font/iconfont.woff
INFO: [ app_init ] --START--
INFO: Run Behavior\BuildLiteBehavior [ RunTime:0.000010s ]
INFO: [ app_init ] --END-- [ RunTime:0.000268s ]
ERR: 无法加载模块:Public

[ 2017-08-16T16:52:20+08:00 ] 127.0.0.1 /Public/Admin/font/iconfont.ttf
INFO: [ app_init ] --START--
INFO: Run Behavior\BuildLiteBehavior [ RunTime:0.000008s ]
INFO: [ app_init ] --END-- [ RunTime:0.000257s ]
ERR: 无法加载模块:Public

[ 2017-08-16T16:52:21+08:00 ] 127.0.0.1 /Public/Admin/font/iconfont.woff
INFO: [ app_init ] --START--
INFO: Run Behavior\BuildLiteBehavior [ RunTime:0.000028s ]
INFO: [ app_init ] --END-- [ RunTime:0.000311s ]
ERR: 无法加载模块:Public

[ 2017-08-16T16:52:21+08:00 ] 127.0.0.1 /Public/Admin/font/iconfont.ttf
INFO: [ app_init ] --START--
INFO: Run Behavior\BuildLiteBehavior [ RunTime:0.000009s ]
INFO: [ app_init ] --END-- [ RunTime:0.000262s ]
ERR: 无法加载模块:Public

[ 2017-08-16T16:52:21+08:00 ] 127.0.0.1 /Public/Admin/font/iconfont.woff
INFO: [ app_init ] --START--
INFO: Run Behavior\BuildLiteBehavior [ RunTime:0.000010s ]
INFO: [ app_init ] --END-- [ RunTime:0.000338s ]
ERR: 无法加载模块:Public

[ 2017-08-16T16:52:21+08:00 ] 127.0.0.1 /Public/Admin/font/iconfont.ttf
INFO: [ app_init ] --START--
INFO: Run Behavior\BuildLiteBehavior [ RunTime:0.000010s ]
INFO: [ app_init ] --END-- [ RunTime:0.000268s ]
ERR: 无法加载模块:Public

[ 2017-08-16T16:52:59+08:00 ] 127.0.0.1 /Public/Admin/font/iconfont.woff?v=1.0.9
INFO: [ app_init ] --START--
INFO: Run Behavior\BuildLiteBehavior [ RunTime:0.000011s ]
INFO: [ app_init ] --END-- [ RunTime:0.000274s ]
ERR: 无法加载模块:Public

[ 2017-08-16T16:52:59+08:00 ] 127.0.0.1 /Public/Admin/font/iconfont.ttf?v=1.0.9
INFO: [ app_init ] --START--
INFO: Run Behavior\BuildLiteBehavior [ RunTime:0.000010s ]
INFO: [ app_init ] --END-- [ RunTime:0.000430s ]
ERR: 无法加载模块:Public

[ 2017-08-16T16:53:03+08:00 ] 127.0.0.1 /Public/Admin/font/iconfont.woff?v=1.0.9
INFO: [ app_init ] --START--
INFO: Run Behavior\BuildLiteBehavior [ RunTime:0.000010s ]
INFO: [ app_init ] --END-- [ RunTime:0.000388s ]
ERR: 无法加载模块:Public

[ 2017-08-16T16:53:03+08:00 ] 127.0.0.1 /Public/Admin/font/iconfont.ttf?v=1.0.9
INFO: [ app_init ] --START--
INFO: Run Behavior\BuildLiteBehavior [ RunTime:0.000010s ]
INFO: [ app_init ] --END-- [ RunTime:0.000259s ]
ERR: 无法加载模块:Public

[ 2017-08-16T16:53:04+08:00 ] 127.0.0.1 /Public/Admin/font/iconfont.woff?v=1.0.9
INFO: [ app_init ] --START--
INFO: Run Behavior\BuildLiteBehavior [ RunTime:0.000028s ]
INFO: [ app_init ] --END-- [ RunTime:0.000400s ]
ERR: 无法加载模块:Public

[ 2017-08-16T16:53:04+08:00 ] 127.0.0.1 /Public/Admin/font/iconfont.ttf?v=1.0.9
INFO: [ app_init ] --START--
INFO: Run Behavior\BuildLiteBehavior [ RunTime:0.000009s ]
INFO: [ app_init ] --END-- [ RunTime:0.000371s ]
ERR: 无法加载模块:Public

[ 2017-08-16T16:53:05+08:00 ] 127.0.0.1 /Public/Admin/font/iconfont.woff?v=1.0.9
INFO: [ app_init ] --START--
INFO: Run Behavior\BuildLiteBehavior [ RunTime:0.000010s ]
INFO: [ app_init ] --END-- [ RunTime:0.000280s ]
ERR: 无法加载模块:Public

[ 2017-08-16T16:53:05+08:00 ] 127.0.0.1 /Public/Admin/font/iconfont.ttf?v=1.0.9
INFO: [ app_init ] --START--
INFO: Run Behavior\BuildLiteBehavior [ RunTime:0.000010s ]
INFO: [ app_init ] --END-- [ RunTime:0.000301s ]
ERR: 无法加载模块:Public

[ 2017-08-16T16:53:05+08:00 ] 127.0.0.1 /Public/Admin/font/iconfont.woff?v=1.0.9
INFO: [ app_init ] --START--
INFO: Run Behavior\BuildLiteBehavior [ RunTime:0.000013s ]
INFO: [ app_init ] --END-- [ RunTime:0.000375s ]
ERR: 无法加载模块:Public

[ 2017-08-16T16:53:05+08:00 ] 127.0.0.1 /Public/Admin/font/iconfont.ttf?v=1.0.9
INFO: [ app_init ] --START--
INFO: Run Behavior\BuildLiteBehavior [ RunTime:0.000010s ]
INFO: [ app_init ] --END-- [ RunTime:0.000305s ]
ERR: 无法加载模块:Public

[ 2017-08-16T16:53:06+08:00 ] 127.0.0.1 /Public/Admin/font/iconfont.woff?v=1.0.9
INFO: [ app_init ] --START--
INFO: Run Behavior\BuildLiteBehavior [ RunTime:0.000008s ]
INFO: [ app_init ] --END-- [ RunTime:0.000246s ]
ERR: 无法加载模块:Public

[ 2017-08-16T16:53:06+08:00 ] 127.0.0.1 /Public/Admin/font/iconfont.ttf?v=1.0.9
INFO: [ app_init ] --START--
INFO: Run Behavior\BuildLiteBehavior [ RunTime:0.000009s ]
INFO: [ app_init ] --END-- [ RunTime:0.000247s ]
ERR: 无法加载模块:Public

[ 2017-08-16T16:53:36+08:00 ] 127.0.0.1 /Public/Admin/font/iconfont.woff?v=1.0.9
INFO: [ app_init ] --START--
INFO: Run Behavior\BuildLiteBehavior [ RunTime:0.000011s ]
INFO: [ app_init ] --END-- [ RunTime:0.000391s ]
ERR: 无法加载模块:Public

[ 2017-08-16T16:53:36+08:00 ] 127.0.0.1 /Public/Admin/font/iconfont.ttf?v=1.0.9
INFO: [ app_init ] --START--
INFO: Run Behavior\BuildLiteBehavior [ RunTime:0.000028s ]
INFO: [ app_init ] --END-- [ RunTime:0.000289s ]
ERR: 无法加载模块:Public

[ 2017-08-16T17:04:16+08:00 ] 127.0.0.1 /Public/Admin/font/iconfont.woff?v=1.0.9
INFO: [ app_init ] --START--
INFO: Run Behavior\BuildLiteBehavior [ RunTime:0.000010s ]
INFO: [ app_init ] --END-- [ RunTime:0.000264s ]
ERR: 无法加载模块:Public

[ 2017-08-16T17:04:16+08:00 ] 127.0.0.1 /Public/Admin/font/iconfont.ttf?v=1.0.9
INFO: [ app_init ] --START--
INFO: Run Behavior\BuildLiteBehavior [ RunTime:0.000011s ]
INFO: [ app_init ] --END-- [ RunTime:0.000328s ]
ERR: 无法加载模块:Public

[ 2017-08-16T17:04:34+08:00 ] 127.0.0.1 /Public/Admin/font/iconfont.woff?v=1.0.9
INFO: [ app_init ] --START--
INFO: Run Behavior\BuildLiteBehavior [ RunTime:0.000010s ]
INFO: [ app_init ] --END-- [ RunTime:0.000296s ]
ERR: 无法加载模块:Public

[ 2017-08-16T17:04:34+08:00 ] 127.0.0.1 /Public/Admin/font/iconfont.ttf?v=1.0.9
INFO: [ app_init ] --START--
INFO: Run Behavior\BuildLiteBehavior [ RunTime:0.000027s ]
INFO: [ app_init ] --END-- [ RunTime:0.000298s ]
ERR: 无法加载模块:Public

[ 2017-08-16T17:04:41+08:00 ] 127.0.0.1 /Public/Admin/font/iconfont.woff?v=1.0.9
INFO: [ app_init ] --START--
INFO: Run Behavior\BuildLiteBehavior [ RunTime:0.000010s ]
INFO: [ app_init ] --END-- [ RunTime:0.000334s ]
ERR: 无法加载模块:Public

[ 2017-08-16T17:04:41+08:00 ] 127.0.0.1 /Public/Admin/font/iconfont.ttf?v=1.0.9
INFO: [ app_init ] --START--
INFO: Run Behavior\BuildLiteBehavior [ RunTime:0.000010s ]
INFO: [ app_init ] --END-- [ RunTime:0.000315s ]
ERR: 无法加载模块:Public

[ 2017-08-16T17:04:45+08:00 ] 127.0.0.1 /Public/Admin/images/arrow.gif
INFO: [ app_init ] --START--
INFO: Run Behavior\BuildLiteBehavior [ RunTime:0.000010s ]
INFO: [ app_init ] --END-- [ RunTime:0.000341s ]
ERR: 无法加载模块:Public

[ 2017-08-16T17:04:48+08:00 ] 127.0.0.1 /Public/Admin/font/iconfont.woff?v=1.0.9
INFO: [ app_init ] --START--
INFO: Run Behavior\BuildLiteBehavior [ RunTime:0.000013s ]
INFO: [ app_init ] --END-- [ RunTime:0.000340s ]
ERR: 无法加载模块:Public

[ 2017-08-16T17:04:48+08:00 ] 127.0.0.1 /Public/Admin/font/iconfont.ttf?v=1.0.9
INFO: [ app_init ] --START--
INFO: Run Behavior\BuildLiteBehavior [ RunTime:0.000008s ]
INFO: [ app_init ] --END-- [ RunTime:0.000299s ]
ERR: 无法加载模块:Public

[ 2017-08-16T17:05:12+08:00 ] 127.0.0.1 /Public/Admin/font/iconfont.woff?v=1.0.9
INFO: [ app_init ] --START--
INFO: Run Behavior\BuildLiteBehavior [ RunTime:0.000010s ]
INFO: [ app_init ] --END-- [ RunTime:0.000380s ]
ERR: 无法加载模块:Public

[ 2017-08-16T17:05:12+08:00 ] 127.0.0.1 /Public/Admin/font/iconfont.ttf?v=1.0.9
INFO: [ app_init ] --START--
INFO: Run Behavior\BuildLiteBehavior [ RunTime:0.000010s ]
INFO: [ app_init ] --END-- [ RunTime:0.000260s ]
ERR: 无法加载模块:Public

[ 2017-08-16T17:21:03+08:00 ] 127.0.0.1 /Public/Admin/datalist.html
INFO: [ app_init ] --START--
INFO: Run Behavior\BuildLiteBehavior [ RunTime:0.000010s ]
INFO: [ app_init ] --END-- [ RunTime:0.000266s ]
ERR: 无法加载模块:Public

[ 2017-08-16T17:21:05+08:00 ] 127.0.0.1 /Public/Admin/datalist.html
INFO: [ app_init ] --START--
INFO: Run Behavior\BuildLiteBehavior [ RunTime:0.000009s ]
INFO: [ app_init ] --END-- [ RunTime:0.000259s ]
ERR: 无法加载模块:Public

[ 2017-08-16T19:41:55+08:00 ] 127.0.0.1 /Public/Admin/images/arrow.gif
INFO: [ app_init ] --START--
INFO: Run Behavior\BuildLiteBehavior [ RunTime:0.000008s ]
INFO: [ app_init ] --END-- [ RunTime:0.000253s ]
ERR: 无法加载模块:Public

[ 2017-08-16T19:47:00+08:00 ] 127.0.0.1 /Public/Admin/images/arrow.gif
INFO: [ app_init ] --START--
INFO: Run Behavior\BuildLiteBehavior [ RunTime:0.000011s ]
INFO: [ app_init ] --END-- [ RunTime:0.000344s ]
ERR: 无法加载模块:Public

[ 2017-08-16T19:47:15+08:00 ] 127.0.0.1 /Public/Admin/images/arrow.gif
INFO: [ app_init ] --START--
INFO: Run Behavior\BuildLiteBehavior [ RunTime:0.000011s ]
INFO: [ app_init ] --END-- [ RunTime:0.000318s ]
ERR: 无法加载模块:Public

[ 2017-08-16T19:47:24+08:00 ] 127.0.0.1 /Public/Admin/images/arrow.gif
INFO: [ app_init ] --START--
INFO: Run Behavior\BuildLiteBehavior [ RunTime:0.000009s ]
INFO: [ app_init ] --END-- [ RunTime:0.000409s ]
ERR: 无法加载模块:Public

[ 2017-08-16T19:48:36+08:00 ] 127.0.0.1 /Public/Admin/images/arrow.gif
INFO: [ app_init ] --START--
INFO: Run Behavior\BuildLiteBehavior [ RunTime:0.000010s ]
INFO: [ app_init ] --END-- [ RunTime:0.000296s ]
ERR: 无法加载模块:Public

[ 2017-08-16T19:49:04+08:00 ] 127.0.0.1 /Public/Admin/images/arrow.gif
INFO: [ app_init ] --START--
INFO: Run Behavior\BuildLiteBehavior [ RunTime:0.000009s ]
INFO: [ app_init ] --END-- [ RunTime:0.000257s ]
ERR: 无法加载模块:Public

[ 2017-08-16T19:59:39+08:00 ] 127.0.0.1 /Public/Admin/datalist.html
INFO: [ app_init ] --START--
INFO: Run Behavior\BuildLiteBehavior [ RunTime:0.000010s ]
INFO: [ app_init ] --END-- [ RunTime:0.000293s ]
ERR: 无法加载模块:Public

[ 2017-08-16T20:06:15+08:00 ] 127.0.0.1 /Public/Admin/images/arrow.gif
INFO: [ app_init ] --START--
INFO: Run Behavior\BuildLiteBehavior [ RunTime:0.000010s ]
INFO: [ app_init ] --END-- [ RunTime:0.000351s ]
ERR: 无法加载模块:Public

[ 2017-08-16T20:06:34+08:00 ] 127.0.0.1 /Public/Admin/images/arrow.gif
INFO: [ app_init ] --START--
INFO: Run Behavior\BuildLiteBehavior [ RunTime:0.000009s ]
INFO: [ app_init ] --END-- [ RunTime:0.000263s ]
ERR: 无法加载模块:Public

[ 2017-08-16T20:07:33+08:00 ] 127.0.0.1 /Public/Admin/images/arrow.gif
INFO: [ app_init ] --START--
INFO: Run Behavior\BuildLiteBehavior [ RunTime:0.000032s ]
INFO: [ app_init ] --END-- [ RunTime:0.000305s ]
ERR: 无法加载模块:Public

[ 2017-08-16T20:07:53+08:00 ] 127.0.0.1 /Public/Admin/images/arrow.gif
INFO: [ app_init ] --START--
INFO: Run Behavior\BuildLiteBehavior [ RunTime:0.000049s ]
INFO: [ app_init ] --END-- [ RunTime:0.000312s ]
ERR: 无法加载模块:Public

[ 2017-08-16T20:09:13+08:00 ] 127.0.0.1 /Public/Admin/images/arrow.gif
INFO: [ app_init ] --START--
INFO: Run Behavior\BuildLiteBehavior [ RunTime:0.000010s ]
INFO: [ app_init ] --END-- [ RunTime:0.000279s ]
ERR: 无法加载模块:Public

[ 2017-08-16T20:09:28+08:00 ] 127.0.0.1 /Public/Admin/images/arrow.gif
INFO: [ app_init ] --START--
INFO: Run Behavior\BuildLiteBehavior [ RunTime:0.000010s ]
INFO: [ app_init ] --END-- [ RunTime:0.000275s ]
ERR: 无法加载模块:Public

[ 2017-08-16T20:11:46+08:00 ] 127.0.0.1 /Public/Admin/images/arrow.gif
INFO: [ app_init ] --START--
INFO: Run Behavior\BuildLiteBehavior [ RunTime:0.000010s ]
INFO: [ app_init ] --END-- [ RunTime:0.000343s ]
ERR: 无法加载模块:Public

[ 2017-08-16T20:12:44+08:00 ] 127.0.0.1 /Public/Admin/images/arrow.gif
INFO: [ app_init ] --START--
INFO: Run Behavior\BuildLiteBehavior [ RunTime:0.000012s ]
INFO: [ app_init ] --END-- [ RunTime:0.000547s ]
ERR: 无法加载模块:Public

[ 2017-08-16T20:14:04+08:00 ] 127.0.0.1 /Public/Admin/images/arrow.gif
INFO: [ app_init ] --START--
INFO: Run Behavior\BuildLiteBehavior [ RunTime:0.000009s ]
INFO: [ app_init ] --END-- [ RunTime:0.000263s ]
ERR: 无法加载模块:Public

[ 2017-08-16T20:14:12+08:00 ] 127.0.0.1 /Public/Admin/images/arrow.gif
INFO: [ app_init ] --START--
INFO: Run Behavior\BuildLiteBehavior [ RunTime:0.000009s ]
INFO: [ app_init ] --END-- [ RunTime:0.000267s ]
ERR: 无法加载模块:Public

[ 2017-08-16T20:14:27+08:00 ] 127.0.0.1 /Public/Admin/images/arrow.gif
INFO: [ app_init ] --START--
INFO: Run Behavior\BuildLiteBehavior [ RunTime:0.000010s ]
INFO: [ app_init ] --END-- [ RunTime:0.000326s ]
ERR: 无法加载模块:Public

[ 2017-08-16T20:14:37+08:00 ] 127.0.0.1 /Public/Admin/images/arrow.gif
INFO: [ app_init ] --START--
INFO: Run Behavior\BuildLiteBehavior [ RunTime:0.000010s ]
INFO: [ app_init ] --END-- [ RunTime:0.000360s ]
ERR: 无法加载模块:Public

[ 2017-08-16T20:14:42+08:00 ] 127.0.0.1 /Public/Admin/images/arrow.gif
INFO: [ app_init ] --START--
INFO: Run Behavior\BuildLiteBehavior [ RunTime:0.000030s ]
INFO: [ app_init ] --END-- [ RunTime:0.000310s ]
ERR: 无法加载模块:Public

[ 2017-08-16T20:15:05+08:00 ] 127.0.0.1 /Public/Admin/images/arrow.gif
INFO: [ app_init ] --START--
INFO: Run Behavior\BuildLiteBehavior [ RunTime:0.000010s ]
INFO: [ app_init ] --END-- [ RunTime:0.000441s ]
ERR: 无法加载模块:Public

[ 2017-08-16T20:15:29+08:00 ] 127.0.0.1 /Public/Admin/images/arrow.gif
INFO: [ app_init ] --START--
INFO: Run Behavior\BuildLiteBehavior [ RunTime:0.000010s ]
INFO: [ app_init ] --END-- [ RunTime:0.000264s ]
ERR: 无法加载模块:Public

[ 2017-08-16T20:15:56+08:00 ] 127.0.0.1 /Public/Admin/images/arrow.gif
INFO: [ app_init ] --START--
INFO: Run Behavior\BuildLiteBehavior [ RunTime:0.000009s ]
INFO: [ app_init ] --END-- [ RunTime:0.000270s ]
ERR: 无法加载模块:Public

[ 2017-08-16T20:16:57+08:00 ] 127.0.0.1 /Public/Admin/images/arrow.gif
INFO: [ app_init ] --START--
INFO: Run Behavior\BuildLiteBehavior [ RunTime:0.000010s ]
INFO: [ app_init ] --END-- [ RunTime:0.000341s ]
ERR: 无法加载模块:Public

[ 2017-08-16T20:19:12+08:00 ] 127.0.0.1 /Public/Admin/images/arrow.gif
INFO: [ app_init ] --START--
INFO: Run Behavior\BuildLiteBehavior [ RunTime:0.000031s ]
INFO: [ app_init ] --END-- [ RunTime:0.000338s ]
ERR: 无法加载模块:Public

[ 2017-08-16T20:19:24+08:00 ] 127.0.0.1 /Public/Admin/images/arrow.gif
INFO: [ app_init ] --START--
INFO: Run Behavior\BuildLiteBehavior [ RunTime:0.000010s ]
INFO: [ app_init ] --END-- [ RunTime:0.000264s ]
ERR: 无法加载模块:Public

[ 2017-08-16T20:19:29+08:00 ] 127.0.0.1 /Public/Admin/images/arrow.gif
INFO: [ app_init ] --START--
INFO: Run Behavior\BuildLiteBehavior [ RunTime:0.000011s ]
INFO: [ app_init ] --END-- [ RunTime:0.000270s ]
ERR: 无法加载模块:Public

[ 2017-08-16T20:19:37+08:00 ] 127.0.0.1 /Public/Admin/images/arrow.gif
INFO: [ app_init ] --START--
INFO: Run Behavior\BuildLiteBehavior [ RunTime:0.000008s ]
INFO: [ app_init ] --END-- [ RunTime:0.000304s ]
ERR: 无法加载模块:Public

[ 2017-08-16T20:20:56+08:00 ] 127.0.0.1 /Public/Admin/images/arrow.gif
INFO: [ app_init ] --START--
INFO: Run Behavior\BuildLiteBehavior [ RunTime:0.000011s ]
INFO: [ app_init ] --END-- [ RunTime:0.000327s ]
ERR: 无法加载模块:Public

[ 2017-08-16T20:21:03+08:00 ] 127.0.0.1 /Public/Admin/images/arrow.gif
INFO: [ app_init ] --START--
INFO: Run Behavior\BuildLiteBehavior [ RunTime:0.000012s ]
INFO: [ app_init ] --END-- [ RunTime:0.000615s ]
ERR: 无法加载模块:Public

[ 2017-08-16T20:21:11+08:00 ] 127.0.0.1 /Public/Admin/images/arrow.gif
INFO: [ app_init ] --START--
INFO: Run Behavior\BuildLiteBehavior [ RunTime:0.000009s ]
INFO: [ app_init ] --END-- [ RunTime:0.000259s ]
ERR: 无法加载模块:Public

[ 2017-08-16T20:21:38+08:00 ] 127.0.0.1 /Public/Admin/images/arrow.gif
INFO: [ app_init ] --START--
INFO: Run Behavior\BuildLiteBehavior [ RunTime:0.000030s ]
INFO: [ app_init ] --END-- [ RunTime:0.000539s ]
ERR: 无法加载模块:Public

[ 2017-08-16T20:30:18+08:00 ] 127.0.0.1 /Public/Admin/images/arrow.gif
INFO: [ app_init ] --START--
INFO: Run Behavior\BuildLiteBehavior [ RunTime:0.000009s ]
INFO: [ app_init ] --END-- [ RunTime:0.000417s ]
ERR: 无法加载模块:Public

[ 2017-08-16T20:32:57+08:00 ] 127.0.0.1 /Public/Admin/images/arrow.gif
INFO: [ app_init ] --START--
INFO: Run Behavior\BuildLiteBehavior [ RunTime:0.000011s ]
INFO: [ app_init ] --END-- [ RunTime:0.000400s ]
ERR: 无法加载模块:Public

[ 2017-08-16T20:46:39+08:00 ] 127.0.0.1 /Public/Admin/images/arrow.gif
INFO: [ app_init ] --START--
INFO: Run Behavior\BuildLiteBehavior [ RunTime:0.000010s ]
INFO: [ app_init ] --END-- [ RunTime:0.000661s ]
ERR: 无法加载模块:Public

[ 2017-08-16T20:47:04+08:00 ] 127.0.0.1 /Public/Admin/images/arrow.gif
INFO: [ app_init ] --START--
INFO: Run Behavior\BuildLiteBehavior [ RunTime:0.000010s ]
INFO: [ app_init ] --END-- [ RunTime:0.000698s ]
ERR: 无法加载模块:Public

[ 2017-08-16T20:49:01+08:00 ] 127.0.0.1 /Public/Admin/images/arrow.gif
INFO: [ app_init ] --START--
INFO: Run Behavior\BuildLiteBehavior [ RunTime:0.000009s ]
INFO: [ app_init ] --END-- [ RunTime:0.000363s ]
ERR: 无法加载模块:Public

[ 2017-08-16T20:54:01+08:00 ] 127.0.0.1 /Public/Admin/16/59943f3d9c563.jpg
INFO: [ app_init ] --START--
INFO: Run Behavior\BuildLiteBehavior [ RunTime:0.000010s ]
INFO: [ app_init ] --END-- [ RunTime:0.000268s ]
ERR: 无法加载模块:Public

[ 2017-08-16T20:54:01+08:00 ] 127.0.0.1 /Public/Admin/Public/Uploads/2017-08-16/59943f3d9c563.jpg
INFO: [ app_init ] --START--
INFO: Run Behavior\BuildLiteBehavior [ RunTime:0.000010s ]
INFO: [ app_init ] --END-- [ RunTime:0.000309s ]
ERR: 无法加载模块:Public

[ 2017-08-16T20:54:12+08:00 ] 127.0.0.1 /Public/Admin/16/59943f3d9c563.jpg
INFO: [ app_init ] --START--
INFO: Run Behavior\BuildLiteBehavior [ RunTime:0.000010s ]
INFO: [ app_init ] --END-- [ RunTime:0.000271s ]
ERR: 无法加载模块:Public

[ 2017-08-16T20:54:12+08:00 ] 127.0.0.1 /Public/Admin/Public/Uploads/2017-08-16/59943f3d9c563.jpg
INFO: [ app_init ] --START--
INFO: Run Behavior\BuildLiteBehavior [ RunTime:0.000012s ]
INFO: [ app_init ] --END-- [ RunTime:0.000448s ]
ERR: 无法加载模块:Public

[ 2017-08-16T20:56:13+08:00 ] 127.0.0.1 /Public/Admin/16/59943f3d9c563.jpg
INFO: [ app_init ] --START--
INFO: Run Behavior\BuildLiteBehavior [ RunTime:0.000031s ]
INFO: [ app_init ] --END-- [ RunTime:0.000305s ]
ERR: 无法加载模块:Public

[ 2017-08-16T20:56:13+08:00 ] 127.0.0.1 /Public/Admin/Public/Uploads/2017-08-16/59943f3d9c563.jpg
INFO: [ app_init ] --START--
INFO: Run Behavior\BuildLiteBehavior [ RunTime:0.000010s ]
INFO: [ app_init ] --END-- [ RunTime:0.000378s ]
ERR: 无法加载模块:Public

[ 2017-08-16T20:56:29+08:00 ] 127.0.0.1 /Public/Admin/16/59943f3d9c563.jpg
INFO: [ app_init ] --START--
INFO: Run Behavior\BuildLiteBehavior [ RunTime:0.000010s ]
INFO: [ app_init ] --END-- [ RunTime:0.000275s ]
ERR: 无法加载模块:Public

[ 2017-08-16T20:56:29+08:00 ] 127.0.0.1 /Public/Admin/Public/Uploads/2017-08-16/59943f3d9c563.jpg
INFO: [ app_init ] --START--
INFO: Run Behavior\BuildLiteBehavior [ RunTime:0.000010s ]
INFO: [ app_init ] --END-- [ RunTime:0.000312s ]
ERR: 无法加载模块:Public

[ 2017-08-16T20:57:10+08:00 ] 127.0.0.1 /Public/Admin/16/59943f3d9c563.jpg
INFO: [ app_init ] --START--
INFO: Run Behavior\BuildLiteBehavior [ RunTime:0.000011s ]
INFO: [ app_init ] --END-- [ RunTime:0.000401s ]
ERR: 无法加载模块:Public

[ 2017-08-16T20:57:10+08:00 ] 127.0.0.1 /Public/Admin/Public/Uploads/2017-08-16/59943f3d9c563.jpg
INFO: [ app_init ] --START--
INFO: Run Behavior\BuildLiteBehavior [ RunTime:0.000009s ]
INFO: [ app_init ] --END-- [ RunTime:0.000262s ]
ERR: 无法加载模块:Public

[ 2017-08-16T20:58:22+08:00 ] 127.0.0.1 /Public/Admin/Public/Uploads/2017-08-16/59943f3d9c563.jpg
INFO: [ app_init ] --START--
INFO: Run Behavior\BuildLiteBehavior [ RunTime:0.000010s ]
INFO: [ app_init ] --END-- [ RunTime:0.000292s ]
ERR: 无法加载模块:Public

[ 2017-08-16T20:58:24+08:00 ] 127.0.0.1 /Public/Admin/Public/Uploads/2017-08-16/59943f3d9c563.jpg
INFO: [ app_init ] --START--
INFO: Run Behavior\BuildLiteBehavior [ RunTime:0.000011s ]
INFO: [ app_init ] --END-- [ RunTime:0.000275s ]
ERR: 无法加载模块:Public

[ 2017-08-16T20:59:52+08:00 ] 127.0.0.1 /www.815.com/Uploads/2017-08-16/59943f3d9c563.jpg
INFO: [ app_init ] --START--
INFO: Run Behavior\BuildLiteBehavior [ RunTime:0.000011s ]
INFO: [ app_init ] --END-- [ RunTime:0.000386s ]
ERR: 无法加载模块:Www.815.com

[ 2017-08-16T21:03:51+08:00 ] 127.0.0.1 /hongbo/BuLuoGe/Public/Uploads/2017-08-16/59943f3d9c563.jpg
INFO: [ app_init ] --START--
INFO: Run Behavior\BuildLiteBehavior [ RunTime:0.000031s ]
INFO: [ app_init ] --END-- [ RunTime:0.000386s ]
ERR: 无法加载模块:Hongbo

[ 2017-08-16T21:03:52+08:00 ] 127.0.0.1 /hongbo/BuLuoGe/Public/Uploads/2017-08-16/59943f3d9c563.jpg
INFO: [ app_init ] --START--
INFO: Run Behavior\BuildLiteBehavior [ RunTime:0.000009s ]
INFO: [ app_init ] --END-- [ RunTime:0.000323s ]
ERR: 无法加载模块:Hongbo

[ 2017-08-16T21:04:00+08:00 ] 127.0.0.1 /hongbo/BuLuoGe/Public/Uploads/2017-08-16/59943f3d9c563.jpg
INFO: [ app_init ] --START--
INFO: Run Behavior\BuildLiteBehavior [ RunTime:0.000010s ]
INFO: [ app_init ] --END-- [ RunTime:0.000260s ]
ERR: 无法加载模块:Hongbo

[ 2017-08-16T21:04:01+08:00 ] 127.0.0.1 /hongbo/BuLuoGe/Public/Uploads/2017-08-16/59943f3d9c563.jpg
INFO: [ app_init ] --START--
INFO: Run Behavior\BuildLiteBehavior [ RunTime:0.000009s ]
INFO: [ app_init ] --END-- [ RunTime:0.000259s ]
ERR: 无法加载模块:Hongbo

[ 2017-08-16T21:04:01+08:00 ] 127.0.0.1 /hongbo/BuLuoGe/Public/Uploads/2017-08-16/59943f3d9c563.jpg
INFO: [ app_init ] --START--
INFO: Run Behavior\BuildLiteBehavior [ RunTime:0.000008s ]
INFO: [ app_init ] --END-- [ RunTime:0.000268s ]
ERR: 无法加载模块:Hongbo

[ 2017-08-16T21:04:02+08:00 ] 127.0.0.1 /hongbo/BuLuoGe/Public/Uploads/2017-08-16/59943f3d9c563.jpg
INFO: [ app_init ] --START--
INFO: Run Behavior\BuildLiteBehavior [ RunTime:0.000011s ]
INFO: [ app_init ] --END-- [ RunTime:0.000306s ]
ERR: 无法加载模块:Hongbo

[ 2017-08-16T21:11:44+08:00 ] 127.0.0.1 /Public/Admin/Public/Uploads/2017-08-16/59943f3d9c563.jpg
INFO: [ app_init ] --START--
INFO: Run Behavior\BuildLiteBehavior [ RunTime:0.000028s ]
INFO: [ app_init ] --END-- [ RunTime:0.000299s ]
ERR: 无法加载模块:Public

[ 2017-08-16T21:12:10+08:00 ] 127.0.0.1 /Public/Admin/Public/Uploads/2017-08-16/59943f3d9c563.jpg
INFO: [ app_init ] --START--
INFO: Run Behavior\BuildLiteBehavior [ RunTime:0.000010s ]
INFO: [ app_init ] --END-- [ RunTime:0.000268s ]
ERR: 无法加载模块:Public

[ 2017-08-16T21:41:22+08:00 ] 127.0.0.1 /Public/Admin/images/arrow.gif
INFO: [ app_init ] --START--
INFO: Run Behavior\BuildLiteBehavior [ RunTime:0.000027s ]
INFO: [ app_init ] --END-- [ RunTime:0.000397s ]
ERR: 无法加载模块:Public

[ 2017-08-16T21:43:26+08:00 ] 127.0.0.1 /Public/Admin/images/arrow.gif
INFO: [ app_init ] --START--
INFO: Run Behavior\BuildLiteBehavior [ RunTime:0.000009s ]
INFO: [ app_init ] --END-- [ RunTime:0.000258s ]
ERR: 无法加载模块:Public

[ 2017-08-16T21:43:52+08:00 ] 127.0.0.1 /Public/Admin/images/arrow.gif
INFO: [ app_init ] --START--
INFO: Run Behavior\BuildLiteBehavior [ RunTime:0.000010s ]
INFO: [ app_init ] --END-- [ RunTime:0.000277s ]
ERR: 无法加载模块:Public

[ 2017-08-16T21:44:19+08:00 ] 127.0.0.1 /Public/Admin/images/arrow.gif
INFO: [ app_init ] --START--
INFO: Run Behavior\BuildLiteBehavior [ RunTime:0.000010s ]
INFO: [ app_init ] --END-- [ RunTime:0.000372s ]
ERR: 无法加载模块:Public

[ 2017-08-16T21:45:07+08:00 ] 127.0.0.1 /Public/Admin/images/arrow.gif
INFO: [ app_init ] --START--
INFO: Run Behavior\BuildLiteBehavior [ RunTime:0.000053s ]
INFO: [ app_init ] --END-- [ RunTime:0.000420s ]
ERR: 无法加载模块:Public

[ 2017-08-16T21:49:04+08:00 ] 127.0.0.1 /Public/Admin/images/arrow.gif
INFO: [ app_init ] --START--
INFO: Run Behavior\BuildLiteBehavior [ RunTime:0.000010s ]
INFO: [ app_init ] --END-- [ RunTime:0.000375s ]
ERR: 无法加载模块:Public

[ 2017-08-16T21:49:54+08:00 ] 127.0.0.1 /Public/Admin/images/arrow.gif
INFO: [ app_init ] --START--
INFO: Run Behavior\BuildLiteBehavior [ RunTime:0.000029s ]
INFO: [ app_init ] --END-- [ RunTime:0.000318s ]
ERR: 无法加载模块:Public

[ 2017-08-16T21:50:04+08:00 ] 127.0.0.1 /Public/Admin/images/arrow.gif
INFO: [ app_init ] --START--
INFO: Run Behavior\BuildLiteBehavior [ RunTime:0.000009s ]
INFO: [ app_init ] --END-- [ RunTime:0.000341s ]
ERR: 无法加载模块:Public

[ 2017-08-16T21:51:27+08:00 ] 127.0.0.1 /Public/Admin/images/arrow.gif
INFO: [ app_init ] --START--
INFO: Run Behavior\BuildLiteBehavior [ RunTime:0.000010s ]
INFO: [ app_init ] --END-- [ RunTime:0.000275s ]
ERR: 无法加载模块:Public

[ 2017-08-16T21:52:30+08:00 ] 127.0.0.1 /Public/Admin/images/arrow.gif
INFO: [ app_init ] --START--
INFO: Run Behavior\BuildLiteBehavior [ RunTime:0.000009s ]
INFO: [ app_init ] --END-- [ RunTime:0.000357s ]
ERR: 无法加载模块:Public

[ 2017-08-16T21:55:30+08:00 ] 127.0.0.1 /Public/Admin/images/arrow.gif
INFO: [ app_init ] --START--
INFO: Run Behavior\BuildLiteBehavior [ RunTime:0.000012s ]
INFO: [ app_init ] --END-- [ RunTime:0.000542s ]
ERR: 无法加载模块:Public

[ 2017-08-16T22:04:42+08:00 ] 127.0.0.1 /Public/Admin/js/lay/modules/form.js
INFO: [ app_init ] --START--
INFO: Run Behavior\BuildLiteBehavior [ RunTime:0.000009s ]
INFO: [ app_init ] --END-- [ RunTime:0.000359s ]
ERR: 无法加载模块:Public

[ 2017-08-16T22:05:31+08:00 ] 127.0.0.1 /Public/Admin/js/lay/modules/form.js
INFO: [ app_init ] --START--
INFO: Run Behavior\BuildLiteBehavior [ RunTime:0.000009s ]
INFO: [ app_init ] --END-- [ RunTime:0.000321s ]
ERR: 无法加载模块:Public

[ 2017-08-16T22:28:19+08:00 ] 127.0.0.1 /Public/Admin/images/arrow.gif
INFO: [ app_init ] --START--
INFO: Run Behavior\BuildLiteBehavior [ RunTime:0.000010s ]
INFO: [ app_init ] --END-- [ RunTime:0.000258s ]
ERR: 无法加载模块:Public

[ 2017-08-16T22:29:33+08:00 ] 127.0.0.1 /Public/Admin/images/arrow.gif
INFO: [ app_init ] --START--
INFO: Run Behavior\BuildLiteBehavior [ RunTime:0.000009s ]
INFO: [ app_init ] --END-- [ RunTime:0.000369s ]
ERR: 无法加载模块:Public

[ 2017-08-16T22:31:10+08:00 ] 127.0.0.1 /Public/Admin/images/arrow.gif
INFO: [ app_init ] --START--
INFO: Run Behavior\BuildLiteBehavior [ RunTime:0.000011s ]
INFO: [ app_init ] --END-- [ RunTime:0.000344s ]
ERR: 无法加载模块:Public

