[ 2017-08-11T08:32:40+08:00 ] ::1 /hongbo/BuLuoGe/Public/images/Logo_40.png
INFO: [ app_init ] --START--
INFO: Run Behavior\BuildLiteBehavior [ RunTime:0.000010s ]
INFO: [ app_init ] --END-- [ RunTime:0.000322s ]
ERR: 无法加载模块:Public

[ 2017-08-11T17:21:12+08:00 ] 127.0.0.1 /Public/Admin/datalist.html
INFO: [ app_init ] --START--
INFO: Run Behavior\BuildLiteBehavior [ RunTime:0.000010s ]
INFO: [ app_init ] --END-- [ RunTime:0.000262s ]
ERR: 无法加载模块:Public

[ 2017-08-11T19:15:32+08:00 ] 127.0.0.1 /favicon.ico
INFO: [ app_init ] --START--
INFO: Run Behavior\BuildLiteBehavior [ RunTime:0.000009s ]
INFO: [ app_init ] --END-- [ RunTime:0.000301s ]
ERR: 无法加载模块:Favicon

[ 2017-08-11T19:15:32+08:00 ] 127.0.0.1 /favicon.ico
INFO: [ app_init ] --START--
INFO: Run Behavior\BuildLiteBehavior [ RunTime:0.000011s ]
INFO: [ app_init ] --END-- [ RunTime:0.000508s ]
ERR: 无法加载模块:Favicon

[ 2017-08-11T19:56:24+08:00 ] 127.0.0.1 /WebSystems/Js/jquery-1.6.js
INFO: [ app_init ] --START--
INFO: Run Behavior\BuildLiteBehavior [ RunTime:0.000012s ]
INFO: [ app_init ] --END-- [ RunTime:0.000308s ]
ERR: 无法加载模块:WebSystems

[ 2017-08-11T19:56:24+08:00 ] 127.0.0.1 /WebSystems/Program/city/wap_city/SG_area_select.css
INFO: [ app_init ] --START--
INFO: Run Behavior\BuildLiteBehavior [ RunTime:0.000011s ]
INFO: [ app_init ] --END-- [ RunTime:0.000409s ]
ERR: 无法加载模块:WebSystems

[ 2017-08-11T19:56:24+08:00 ] 127.0.0.1 /WebSystems/Program/city/wap_city/iscroll.js
INFO: [ app_init ] --START--
INFO: Run Behavior\BuildLiteBehavior [ RunTime:0.000011s ]
INFO: [ app_init ] --END-- [ RunTime:0.000334s ]
ERR: 无法加载模块:WebSystems

[ 2017-08-11T19:56:24+08:00 ] 127.0.0.1 /WebSystems/Program/city/wap_city//SG_area_select.js
INFO: [ app_init ] --START--
INFO: Run Behavior\BuildLiteBehavior [ RunTime:0.000012s ]
INFO: [ app_init ] --END-- [ RunTime:0.000335s ]
ERR: 无法加载模块:WebSystems

[ 2017-08-11T19:56:24+08:00 ] 127.0.0.1 /WebSystems/Js/plugins/index.js
INFO: [ app_init ] --START--
INFO: Run Behavior\BuildLiteBehavior [ RunTime:0.000010s ]
INFO: [ app_init ] --END-- [ RunTime:0.000319s ]
ERR: 无法加载模块:WebSystems

[ 2017-08-11T19:56:24+08:00 ] 127.0.0.1 /WebSystems/Program/city/wap_city//SG_area_select.js
INFO: [ app_init ] --START--
INFO: Run Behavior\BuildLiteBehavior [ RunTime:0.000010s ]
INFO: [ app_init ] --END-- [ RunTime:0.000676s ]
ERR: 无法加载模块:WebSystems

[ 2017-08-11T19:56:24+08:00 ] 127.0.0.1 /WebSystems/Js/plugins/index.js
INFO: [ app_init ] --START--
INFO: Run Behavior\BuildLiteBehavior [ RunTime:0.000010s ]
INFO: [ app_init ] --END-- [ RunTime:0.000375s ]
ERR: 无法加载模块:WebSystems

[ 2017-08-11T19:56:38+08:00 ] 127.0.0.1 /WebSystems/Js/jquery-1.6.js
INFO: [ app_init ] --START--
INFO: Run Behavior\BuildLiteBehavior [ RunTime:0.000019s ]
INFO: [ app_init ] --END-- [ RunTime:0.000292s ]
ERR: 无法加载模块:WebSystems

[ 2017-08-11T19:56:38+08:00 ] 127.0.0.1 /WebSystems/Program/city/wap_city/SG_area_select.css
INFO: [ app_init ] --START--
INFO: Run Behavior\BuildLiteBehavior [ RunTime:0.000010s ]
INFO: [ app_init ] --END-- [ RunTime:0.000268s ]
ERR: 无法加载模块:WebSystems

[ 2017-08-11T19:56:38+08:00 ] 127.0.0.1 /WebSystems/Program/city/wap_city/iscroll.js
INFO: [ app_init ] --START--
INFO: Run Behavior\BuildLiteBehavior [ RunTime:0.000010s ]
INFO: [ app_init ] --END-- [ RunTime:0.000306s ]
ERR: 无法加载模块:WebSystems

[ 2017-08-11T19:56:38+08:00 ] 127.0.0.1 /WebSystems/Js/plugins/index.js
INFO: [ app_init ] --START--
INFO: Run Behavior\BuildLiteBehavior [ RunTime:0.000012s ]
INFO: [ app_init ] --END-- [ RunTime:0.000291s ]
ERR: 无法加载模块:WebSystems

[ 2017-08-11T19:56:38+08:00 ] 127.0.0.1 /WebSystems/Program/city/wap_city//SG_area_select.js
INFO: [ app_init ] --START--
INFO: Run Behavior\BuildLiteBehavior [ RunTime:0.000011s ]
INFO: [ app_init ] --END-- [ RunTime:0.000403s ]
ERR: 无法加载模块:WebSystems

[ 2017-08-11T19:56:38+08:00 ] 127.0.0.1 /WebSystems/Program/city/wap_city/SG_area_select.css
INFO: [ app_init ] --START--
INFO: Run Behavior\BuildLiteBehavior [ RunTime:0.000045s ]
INFO: [ app_init ] --END-- [ RunTime:0.000846s ]
ERR: 无法加载模块:WebSystems

[ 2017-08-11T19:56:38+08:00 ] 127.0.0.1 /WebSystems/Program/city/wap_city/iscroll.js
INFO: [ app_init ] --START--
INFO: Run Behavior\BuildLiteBehavior [ RunTime:0.000010s ]
INFO: [ app_init ] --END-- [ RunTime:0.000341s ]
ERR: 无法加载模块:WebSystems

[ 2017-08-11T19:56:38+08:00 ] 127.0.0.1 /WebSystems/Program/city/wap_city//SG_area_select.js
INFO: [ app_init ] --START--
INFO: Run Behavior\BuildLiteBehavior [ RunTime:0.000009s ]
INFO: [ app_init ] --END-- [ RunTime:0.000370s ]
ERR: 无法加载模块:WebSystems

[ 2017-08-11T19:56:38+08:00 ] 127.0.0.1 /WebSystems/Js/plugins/index.js
INFO: [ app_init ] --START--
INFO: Run Behavior\BuildLiteBehavior [ RunTime:0.000009s ]
INFO: [ app_init ] --END-- [ RunTime:0.000341s ]
ERR: 无法加载模块:WebSystems

[ 2017-08-11T19:56:47+08:00 ] 127.0.0.1 /WebSystems/Js/jquery-1.6.js
INFO: [ app_init ] --START--
INFO: Run Behavior\BuildLiteBehavior [ RunTime:0.000017s ]
INFO: [ app_init ] --END-- [ RunTime:0.000302s ]
ERR: 无法加载模块:WebSystems

[ 2017-08-11T19:56:47+08:00 ] 127.0.0.1 /WebSystems/Program/city/wap_city/SG_area_select.css
INFO: [ app_init ] --START--
INFO: Run Behavior\BuildLiteBehavior [ RunTime:0.000010s ]
INFO: [ app_init ] --END-- [ RunTime:0.000275s ]
ERR: 无法加载模块:WebSystems

[ 2017-08-11T19:56:47+08:00 ] 127.0.0.1 /WebSystems/Js/plugins/index.js
INFO: [ app_init ] --START--
INFO: Run Behavior\BuildLiteBehavior [ RunTime:0.000020s ]
INFO: [ app_init ] --END-- [ RunTime:0.000489s ]
ERR: 无法加载模块:WebSystems

[ 2017-08-11T19:56:47+08:00 ] 127.0.0.1 /WebSystems/Program/city/wap_city//SG_area_select.js
INFO: [ app_init ] --START--
INFO: Run Behavior\BuildLiteBehavior [ RunTime:0.000011s ]
INFO: [ app_init ] --END-- [ RunTime:0.000352s ]
ERR: 无法加载模块:WebSystems

[ 2017-08-11T19:56:47+08:00 ] 127.0.0.1 /WebSystems/Program/city/wap_city/iscroll.js
INFO: [ app_init ] --START--
INFO: Run Behavior\BuildLiteBehavior [ RunTime:0.000012s ]
INFO: [ app_init ] --END-- [ RunTime:0.000368s ]
ERR: 无法加载模块:WebSystems

[ 2017-08-11T19:56:47+08:00 ] 127.0.0.1 /WebSystems/Program/city/wap_city//SG_area_select.js
INFO: [ app_init ] --START--
INFO: Run Behavior\BuildLiteBehavior [ RunTime:0.000011s ]
INFO: [ app_init ] --END-- [ RunTime:0.000327s ]
ERR: 无法加载模块:WebSystems

[ 2017-08-11T19:56:47+08:00 ] 127.0.0.1 /WebSystems/Program/city/wap_city/SG_area_select.css
INFO: [ app_init ] --START--
INFO: Run Behavior\BuildLiteBehavior [ RunTime:0.000010s ]
INFO: [ app_init ] --END-- [ RunTime:0.000334s ]
ERR: 无法加载模块:WebSystems

[ 2017-08-11T19:56:47+08:00 ] 127.0.0.1 /WebSystems/Js/plugins/index.js
INFO: [ app_init ] --START--
INFO: Run Behavior\BuildLiteBehavior [ RunTime:0.000027s ]
INFO: [ app_init ] --END-- [ RunTime:0.000351s ]
ERR: 无法加载模块:WebSystems

[ 2017-08-11T19:56:48+08:00 ] 127.0.0.1 /WebSystems/Js/jquery-1.6.js
INFO: [ app_init ] --START--
INFO: Run Behavior\BuildLiteBehavior [ RunTime:0.000010s ]
INFO: [ app_init ] --END-- [ RunTime:0.000284s ]
ERR: 无法加载模块:WebSystems

[ 2017-08-11T19:56:48+08:00 ] 127.0.0.1 /WebSystems/Program/city/wap_city/SG_area_select.css
INFO: [ app_init ] --START--
INFO: Run Behavior\BuildLiteBehavior [ RunTime:0.000011s ]
INFO: [ app_init ] --END-- [ RunTime:0.000280s ]
ERR: 无法加载模块:WebSystems

[ 2017-08-11T19:56:48+08:00 ] 127.0.0.1 /WebSystems/Program/city/wap_city/iscroll.js
INFO: [ app_init ] --START--
INFO: Run Behavior\BuildLiteBehavior [ RunTime:0.000010s ]
INFO: [ app_init ] --END-- [ RunTime:0.000276s ]
ERR: 无法加载模块:WebSystems

[ 2017-08-11T19:56:48+08:00 ] 127.0.0.1 /WebSystems/Js/plugins/index.js
INFO: [ app_init ] --START--
INFO: Run Behavior\BuildLiteBehavior [ RunTime:0.000009s ]
INFO: [ app_init ] --END-- [ RunTime:0.000374s ]
ERR: 无法加载模块:WebSystems

[ 2017-08-11T19:56:48+08:00 ] 127.0.0.1 /WebSystems/Program/city/wap_city//SG_area_select.js
INFO: [ app_init ] --START--
INFO: Run Behavior\BuildLiteBehavior [ RunTime:0.000028s ]
INFO: [ app_init ] --END-- [ RunTime:0.000441s ]
ERR: 无法加载模块:WebSystems

[ 2017-08-11T19:56:49+08:00 ] 127.0.0.1 /WebSystems/Program/city/wap_city/SG_area_select.css
INFO: [ app_init ] --START--
INFO: Run Behavior\BuildLiteBehavior [ RunTime:0.000011s ]
INFO: [ app_init ] --END-- [ RunTime:0.000337s ]
ERR: 无法加载模块:WebSystems

[ 2017-08-11T19:56:49+08:00 ] 127.0.0.1 /WebSystems/Program/city/wap_city/iscroll.js
INFO: [ app_init ] --START--
INFO: Run Behavior\BuildLiteBehavior [ RunTime:0.000011s ]
INFO: [ app_init ] --END-- [ RunTime:0.000338s ]
ERR: 无法加载模块:WebSystems

[ 2017-08-11T19:56:49+08:00 ] 127.0.0.1 /WebSystems/Program/city/wap_city//SG_area_select.js
INFO: [ app_init ] --START--
INFO: Run Behavior\BuildLiteBehavior [ RunTime:0.000028s ]
INFO: [ app_init ] --END-- [ RunTime:0.000382s ]
ERR: 无法加载模块:WebSystems

[ 2017-08-11T19:56:49+08:00 ] 127.0.0.1 /WebSystems/Js/plugins/index.js
INFO: [ app_init ] --START--
INFO: Run Behavior\BuildLiteBehavior [ RunTime:0.000011s ]
INFO: [ app_init ] --END-- [ RunTime:0.000512s ]
ERR: 无法加载模块:WebSystems

[ 2017-08-11T19:56:49+08:00 ] 127.0.0.1 /WebSystems/Js/jquery-1.6.js
INFO: [ app_init ] --START--
INFO: Run Behavior\BuildLiteBehavior [ RunTime:0.000010s ]
INFO: [ app_init ] --END-- [ RunTime:0.000273s ]
ERR: 无法加载模块:WebSystems

[ 2017-08-11T19:56:49+08:00 ] 127.0.0.1 /WebSystems/Program/city/wap_city/SG_area_select.css
INFO: [ app_init ] --START--
INFO: Run Behavior\BuildLiteBehavior [ RunTime:0.000010s ]
INFO: [ app_init ] --END-- [ RunTime:0.000448s ]
ERR: 无法加载模块:WebSystems

[ 2017-08-11T19:56:49+08:00 ] 127.0.0.1 /WebSystems/Program/city/wap_city/iscroll.js
INFO: [ app_init ] --START--
INFO: Run Behavior\BuildLiteBehavior [ RunTime:0.000010s ]
INFO: [ app_init ] --END-- [ RunTime:0.000269s ]
ERR: 无法加载模块:WebSystems

[ 2017-08-11T19:56:49+08:00 ] 127.0.0.1 /WebSystems/Js/plugins/index.js
INFO: [ app_init ] --START--
INFO: Run Behavior\BuildLiteBehavior [ RunTime:0.000012s ]
INFO: [ app_init ] --END-- [ RunTime:0.000273s ]
ERR: 无法加载模块:WebSystems

[ 2017-08-11T19:56:49+08:00 ] 127.0.0.1 /WebSystems/Program/city/wap_city//SG_area_select.js
INFO: [ app_init ] --START--
INFO: Run Behavior\BuildLiteBehavior [ RunTime:0.000010s ]
INFO: [ app_init ] --END-- [ RunTime:0.000477s ]
ERR: 无法加载模块:WebSystems

[ 2017-08-11T19:56:49+08:00 ] 127.0.0.1 /WebSystems/Program/city/wap_city/SG_area_select.css
INFO: [ app_init ] --START--
INFO: Run Behavior\BuildLiteBehavior [ RunTime:0.000011s ]
INFO: [ app_init ] --END-- [ RunTime:0.000292s ]
ERR: 无法加载模块:WebSystems

[ 2017-08-11T19:56:49+08:00 ] 127.0.0.1 /WebSystems/Program/city/wap_city/iscroll.js
INFO: [ app_init ] --START--
INFO: Run Behavior\BuildLiteBehavior [ RunTime:0.000010s ]
INFO: [ app_init ] --END-- [ RunTime:0.000276s ]
ERR: 无法加载模块:WebSystems

[ 2017-08-11T19:56:49+08:00 ] 127.0.0.1 /WebSystems/Program/city/wap_city//SG_area_select.js
INFO: [ app_init ] --START--
INFO: Run Behavior\BuildLiteBehavior [ RunTime:0.000009s ]
INFO: [ app_init ] --END-- [ RunTime:0.000289s ]
ERR: 无法加载模块:WebSystems

[ 2017-08-11T19:56:49+08:00 ] 127.0.0.1 /WebSystems/Js/plugins/index.js
INFO: [ app_init ] --START--
INFO: Run Behavior\BuildLiteBehavior [ RunTime:0.000009s ]
INFO: [ app_init ] --END-- [ RunTime:0.000327s ]
ERR: 无法加载模块:WebSystems

[ 2017-08-11T19:56:50+08:00 ] 127.0.0.1 /WebSystems/Js/jquery-1.6.js
INFO: [ app_init ] --START--
INFO: Run Behavior\BuildLiteBehavior [ RunTime:0.000012s ]
INFO: [ app_init ] --END-- [ RunTime:0.000339s ]
ERR: 无法加载模块:WebSystems

[ 2017-08-11T19:56:50+08:00 ] 127.0.0.1 /WebSystems/Program/city/wap_city/SG_area_select.css
INFO: [ app_init ] --START--
INFO: Run Behavior\BuildLiteBehavior [ RunTime:0.000010s ]
INFO: [ app_init ] --END-- [ RunTime:0.000287s ]
ERR: 无法加载模块:WebSystems

[ 2017-08-11T19:56:50+08:00 ] 127.0.0.1 /WebSystems/Program/city/wap_city/iscroll.js
INFO: [ app_init ] --START--
INFO: Run Behavior\BuildLiteBehavior [ RunTime:0.000015s ]
INFO: [ app_init ] --END-- [ RunTime:0.000339s ]
ERR: 无法加载模块:WebSystems

[ 2017-08-11T19:56:50+08:00 ] 127.0.0.1 /WebSystems/Js/plugins/index.js
INFO: [ app_init ] --START--
INFO: Run Behavior\BuildLiteBehavior [ RunTime:0.000010s ]
INFO: [ app_init ] --END-- [ RunTime:0.000333s ]
ERR: 无法加载模块:WebSystems

[ 2017-08-11T19:56:50+08:00 ] 127.0.0.1 /WebSystems/Program/city/wap_city//SG_area_select.js
INFO: [ app_init ] --START--
INFO: Run Behavior\BuildLiteBehavior [ RunTime:0.000009s ]
INFO: [ app_init ] --END-- [ RunTime:0.000337s ]
ERR: 无法加载模块:WebSystems

[ 2017-08-11T19:56:50+08:00 ] 127.0.0.1 /WebSystems/Js/plugins/index.js
INFO: [ app_init ] --START--
INFO: Run Behavior\BuildLiteBehavior [ RunTime:0.000009s ]
INFO: [ app_init ] --END-- [ RunTime:0.000617s ]
ERR: 无法加载模块:WebSystems

[ 2017-08-11T19:56:50+08:00 ] 127.0.0.1 /WebSystems/Program/city/wap_city/SG_area_select.css
INFO: [ app_init ] --START--
INFO: Run Behavior\BuildLiteBehavior [ RunTime:0.000010s ]
INFO: [ app_init ] --END-- [ RunTime:0.000273s ]
ERR: 无法加载模块:WebSystems

[ 2017-08-11T19:56:50+08:00 ] 127.0.0.1 /WebSystems/Program/city/wap_city/iscroll.js
INFO: [ app_init ] --START--
INFO: Run Behavior\BuildLiteBehavior [ RunTime:0.000010s ]
INFO: [ app_init ] --END-- [ RunTime:0.000290s ]
ERR: 无法加载模块:WebSystems

[ 2017-08-11T19:56:50+08:00 ] 127.0.0.1 /WebSystems/Js/jquery-1.6.js
INFO: [ app_init ] --START--
INFO: Run Behavior\BuildLiteBehavior [ RunTime:0.000010s ]
INFO: [ app_init ] --END-- [ RunTime:0.000298s ]
ERR: 无法加载模块:WebSystems

[ 2017-08-11T19:56:50+08:00 ] 127.0.0.1 /WebSystems/Program/city/wap_city//SG_area_select.js
INFO: [ app_init ] --START--
INFO: Run Behavior\BuildLiteBehavior [ RunTime:0.000010s ]
INFO: [ app_init ] --END-- [ RunTime:0.000320s ]
ERR: 无法加载模块:WebSystems

[ 2017-08-11T19:56:50+08:00 ] 127.0.0.1 /WebSystems/Js/plugins/index.js
INFO: [ app_init ] --START--
INFO: Run Behavior\BuildLiteBehavior [ RunTime:0.000011s ]
INFO: [ app_init ] --END-- [ RunTime:0.000380s ]
ERR: 无法加载模块:WebSystems

[ 2017-08-11T19:56:50+08:00 ] 127.0.0.1 /WebSystems/Program/city/wap_city/SG_area_select.css
INFO: [ app_init ] --START--
INFO: Run Behavior\BuildLiteBehavior [ RunTime:0.000011s ]
INFO: [ app_init ] --END-- [ RunTime:0.000353s ]
ERR: 无法加载模块:WebSystems

[ 2017-08-11T19:56:50+08:00 ] 127.0.0.1 /WebSystems/Program/city/wap_city/iscroll.js
INFO: [ app_init ] --START--
INFO: Run Behavior\BuildLiteBehavior [ RunTime:0.000010s ]
INFO: [ app_init ] --END-- [ RunTime:0.000369s ]
ERR: 无法加载模块:WebSystems

[ 2017-08-11T19:56:50+08:00 ] 127.0.0.1 /WebSystems/Program/city/wap_city//SG_area_select.js
INFO: [ app_init ] --START--
INFO: Run Behavior\BuildLiteBehavior [ RunTime:0.000010s ]
INFO: [ app_init ] --END-- [ RunTime:0.000265s ]
ERR: 无法加载模块:WebSystems

[ 2017-08-11T19:56:50+08:00 ] 127.0.0.1 /WebSystems/Js/plugins/index.js
INFO: [ app_init ] --START--
INFO: Run Behavior\BuildLiteBehavior [ RunTime:0.000010s ]
INFO: [ app_init ] --END-- [ RunTime:0.000379s ]
ERR: 无法加载模块:WebSystems

[ 2017-08-11T19:56:51+08:00 ] 127.0.0.1 /WebSystems/Program/city/wap_city/SG_area_select.css
INFO: [ app_init ] --START--
INFO: Run Behavior\BuildLiteBehavior [ RunTime:0.000011s ]
INFO: [ app_init ] --END-- [ RunTime:0.000283s ]
ERR: 无法加载模块:WebSystems

[ 2017-08-11T19:56:51+08:00 ] 127.0.0.1 /WebSystems/Js/jquery-1.6.js
INFO: [ app_init ] --START--
INFO: Run Behavior\BuildLiteBehavior [ RunTime:0.000011s ]
INFO: [ app_init ] --END-- [ RunTime:0.000744s ]
ERR: 无法加载模块:WebSystems

[ 2017-08-11T19:56:51+08:00 ] 127.0.0.1 /WebSystems/Program/city/wap_city/iscroll.js
INFO: [ app_init ] --START--
INFO: Run Behavior\BuildLiteBehavior [ RunTime:0.000012s ]
INFO: [ app_init ] --END-- [ RunTime:0.000278s ]
ERR: 无法加载模块:WebSystems

[ 2017-08-11T19:56:51+08:00 ] 127.0.0.1 /WebSystems/Js/plugins/index.js
INFO: [ app_init ] --START--
INFO: Run Behavior\BuildLiteBehavior [ RunTime:0.000010s ]
INFO: [ app_init ] --END-- [ RunTime:0.000281s ]
ERR: 无法加载模块:WebSystems

[ 2017-08-11T19:56:51+08:00 ] 127.0.0.1 /WebSystems/Program/city/wap_city//SG_area_select.js
INFO: [ app_init ] --START--
INFO: Run Behavior\BuildLiteBehavior [ RunTime:0.000011s ]
INFO: [ app_init ] --END-- [ RunTime:0.000362s ]
ERR: 无法加载模块:WebSystems

[ 2017-08-11T19:56:51+08:00 ] 127.0.0.1 /WebSystems/Program/city/wap_city/SG_area_select.css
INFO: [ app_init ] --START--
INFO: Run Behavior\BuildLiteBehavior [ RunTime:0.000010s ]
INFO: [ app_init ] --END-- [ RunTime:0.000380s ]
ERR: 无法加载模块:WebSystems

[ 2017-08-11T19:56:51+08:00 ] 127.0.0.1 /WebSystems/Js/plugins/index.js
INFO: [ app_init ] --START--
INFO: Run Behavior\BuildLiteBehavior [ RunTime:0.000009s ]
INFO: [ app_init ] --END-- [ RunTime:0.000291s ]
ERR: 无法加载模块:WebSystems

[ 2017-08-11T19:56:51+08:00 ] 127.0.0.1 /WebSystems/Js/jquery-1.6.js
INFO: [ app_init ] --START--
INFO: Run Behavior\BuildLiteBehavior [ RunTime:0.000010s ]
INFO: [ app_init ] --END-- [ RunTime:0.000273s ]
ERR: 无法加载模块:WebSystems

[ 2017-08-11T19:56:51+08:00 ] 127.0.0.1 /WebSystems/Program/city/wap_city/SG_area_select.css
INFO: [ app_init ] --START--
INFO: Run Behavior\BuildLiteBehavior [ RunTime:0.000011s ]
INFO: [ app_init ] --END-- [ RunTime:0.000284s ]
ERR: 无法加载模块:WebSystems

[ 2017-08-11T19:56:51+08:00 ] 127.0.0.1 /WebSystems/Program/city/wap_city/iscroll.js
INFO: [ app_init ] --START--
INFO: Run Behavior\BuildLiteBehavior [ RunTime:0.000010s ]
INFO: [ app_init ] --END-- [ RunTime:0.000270s ]
ERR: 无法加载模块:WebSystems

[ 2017-08-11T19:56:51+08:00 ] 127.0.0.1 /WebSystems/Program/city/wap_city//SG_area_select.js
INFO: [ app_init ] --START--
INFO: Run Behavior\BuildLiteBehavior [ RunTime:0.000011s ]
INFO: [ app_init ] --END-- [ RunTime:0.000290s ]
ERR: 无法加载模块:WebSystems

[ 2017-08-11T19:56:51+08:00 ] 127.0.0.1 /WebSystems/Js/plugins/index.js
INFO: [ app_init ] --START--
INFO: Run Behavior\BuildLiteBehavior [ RunTime:0.000010s ]
INFO: [ app_init ] --END-- [ RunTime:0.000408s ]
ERR: 无法加载模块:WebSystems

[ 2017-08-11T19:56:52+08:00 ] 127.0.0.1 /WebSystems/Program/city/wap_city/iscroll.js
INFO: [ app_init ] --START--
INFO: Run Behavior\BuildLiteBehavior [ RunTime:0.000010s ]
INFO: [ app_init ] --END-- [ RunTime:0.000435s ]
ERR: 无法加载模块:WebSystems

[ 2017-08-11T19:56:52+08:00 ] 127.0.0.1 /WebSystems/Program/city/wap_city/SG_area_select.css
INFO: [ app_init ] --START--
INFO: Run Behavior\BuildLiteBehavior [ RunTime:0.000009s ]
INFO: [ app_init ] --END-- [ RunTime:0.000393s ]
ERR: 无法加载模块:WebSystems

[ 2017-08-11T19:56:52+08:00 ] 127.0.0.1 /WebSystems/Program/city/wap_city//SG_area_select.js
INFO: [ app_init ] --START--
INFO: Run Behavior\BuildLiteBehavior [ RunTime:0.000014s ]
INFO: [ app_init ] --END-- [ RunTime:0.000555s ]
ERR: 无法加载模块:WebSystems

[ 2017-08-11T19:56:52+08:00 ] 127.0.0.1 /WebSystems/Js/plugins/index.js
INFO: [ app_init ] --START--
INFO: Run Behavior\BuildLiteBehavior [ RunTime:0.000009s ]
INFO: [ app_init ] --END-- [ RunTime:0.000283s ]
ERR: 无法加载模块:WebSystems

[ 2017-08-11T19:56:52+08:00 ] 127.0.0.1 /WebSystems/Program/city/wap_city/SG_area_select.css
INFO: [ app_init ] --START--
INFO: Run Behavior\BuildLiteBehavior [ RunTime:0.000015s ]
INFO: [ app_init ] --END-- [ RunTime:0.000496s ]
ERR: 无法加载模块:WebSystems

[ 2017-08-11T19:56:52+08:00 ] 127.0.0.1 /WebSystems/Js/plugins/index.js
INFO: [ app_init ] --START--
INFO: Run Behavior\BuildLiteBehavior [ RunTime:0.000012s ]
INFO: [ app_init ] --END-- [ RunTime:0.000301s ]
ERR: 无法加载模块:WebSystems

[ 2017-08-11T19:56:52+08:00 ] 127.0.0.1 /WebSystems/Program/city/wap_city//SG_area_select.js
INFO: [ app_init ] --START--
INFO: Run Behavior\BuildLiteBehavior [ RunTime:0.000010s ]
INFO: [ app_init ] --END-- [ RunTime:0.000367s ]
ERR: 无法加载模块:WebSystems

[ 2017-08-11T19:56:52+08:00 ] 127.0.0.1 /WebSystems/Js/jquery-1.6.js
INFO: [ app_init ] --START--
INFO: Run Behavior\BuildLiteBehavior [ RunTime:0.000010s ]
INFO: [ app_init ] --END-- [ RunTime:0.000286s ]
ERR: 无法加载模块:WebSystems

[ 2017-08-11T19:56:52+08:00 ] 127.0.0.1 /WebSystems/Program/city/wap_city/iscroll.js
INFO: [ app_init ] --START--
INFO: Run Behavior\BuildLiteBehavior [ RunTime:0.000034s ]
INFO: [ app_init ] --END-- [ RunTime:0.000454s ]
ERR: 无法加载模块:WebSystems

[ 2017-08-11T19:56:52+08:00 ] 127.0.0.1 /WebSystems/Program/city/wap_city/SG_area_select.css
INFO: [ app_init ] --START--
INFO: Run Behavior\BuildLiteBehavior [ RunTime:0.000011s ]
INFO: [ app_init ] --END-- [ RunTime:0.000337s ]
ERR: 无法加载模块:WebSystems

[ 2017-08-11T19:56:52+08:00 ] 127.0.0.1 /WebSystems/Program/city/wap_city//SG_area_select.js
INFO: [ app_init ] --START--
INFO: Run Behavior\BuildLiteBehavior [ RunTime:0.000009s ]
INFO: [ app_init ] --END-- [ RunTime:0.000252s ]
ERR: 无法加载模块:WebSystems

[ 2017-08-11T19:56:52+08:00 ] 127.0.0.1 /WebSystems/Js/plugins/index.js
INFO: [ app_init ] --START--
INFO: Run Behavior\BuildLiteBehavior [ RunTime:0.000027s ]
INFO: [ app_init ] --END-- [ RunTime:0.000532s ]
ERR: 无法加载模块:WebSystems

[ 2017-08-11T19:56:52+08:00 ] 127.0.0.1 /WebSystems/Program/city/wap_city/iscroll.js
INFO: [ app_init ] --START--
INFO: Run Behavior\BuildLiteBehavior [ RunTime:0.000011s ]
INFO: [ app_init ] --END-- [ RunTime:0.000285s ]
ERR: 无法加载模块:WebSystems

[ 2017-08-11T19:56:52+08:00 ] 127.0.0.1 /WebSystems/Program/city/wap_city/SG_area_select.css
INFO: [ app_init ] --START--
INFO: Run Behavior\BuildLiteBehavior [ RunTime:0.000010s ]
INFO: [ app_init ] --END-- [ RunTime:0.000563s ]
ERR: 无法加载模块:WebSystems

[ 2017-08-11T19:56:52+08:00 ] 127.0.0.1 /WebSystems/Js/jquery-1.6.js
INFO: [ app_init ] --START--
INFO: Run Behavior\BuildLiteBehavior [ RunTime:0.000021s ]
INFO: [ app_init ] --END-- [ RunTime:0.000301s ]
ERR: 无法加载模块:WebSystems

[ 2017-08-11T19:56:52+08:00 ] 127.0.0.1 /WebSystems/Js/plugins/index.js
INFO: [ app_init ] --START--
INFO: Run Behavior\BuildLiteBehavior [ RunTime:0.000012s ]
INFO: [ app_init ] --END-- [ RunTime:0.000612s ]
ERR: 无法加载模块:WebSystems

[ 2017-08-11T19:56:52+08:00 ] 127.0.0.1 /WebSystems/Program/city/wap_city//SG_area_select.js
INFO: [ app_init ] --START--
INFO: Run Behavior\BuildLiteBehavior [ RunTime:0.000011s ]
INFO: [ app_init ] --END-- [ RunTime:0.000416s ]
ERR: 无法加载模块:WebSystems

[ 2017-08-11T19:56:52+08:00 ] 127.0.0.1 /WebSystems/Program/city/wap_city/iscroll.js
INFO: [ app_init ] --START--
INFO: Run Behavior\BuildLiteBehavior [ RunTime:0.000011s ]
INFO: [ app_init ] --END-- [ RunTime:0.000322s ]
ERR: 无法加载模块:WebSystems

[ 2017-08-11T19:56:52+08:00 ] 127.0.0.1 /WebSystems/Program/city/wap_city/SG_area_select.css
INFO: [ app_init ] --START--
INFO: Run Behavior\BuildLiteBehavior [ RunTime:0.000014s ]
INFO: [ app_init ] --END-- [ RunTime:0.007496s ]
ERR: 无法加载模块:WebSystems

[ 2017-08-11T19:56:52+08:00 ] 127.0.0.1 /WebSystems/Program/city/wap_city//SG_area_select.js
INFO: [ app_init ] --START--
INFO: Run Behavior\BuildLiteBehavior [ RunTime:0.000008s ]
INFO: [ app_init ] --END-- [ RunTime:0.000238s ]
ERR: 无法加载模块:WebSystems

[ 2017-08-11T19:56:52+08:00 ] 127.0.0.1 /WebSystems/Js/plugins/index.js
INFO: [ app_init ] --START--
INFO: Run Behavior\BuildLiteBehavior [ RunTime:0.000009s ]
INFO: [ app_init ] --END-- [ RunTime:0.000324s ]
ERR: 无法加载模块:WebSystems

[ 2017-08-11T19:56:53+08:00 ] 127.0.0.1 /WebSystems/Js/jquery-1.6.js
INFO: [ app_init ] --START--
INFO: Run Behavior\BuildLiteBehavior [ RunTime:0.000010s ]
INFO: [ app_init ] --END-- [ RunTime:0.000281s ]
ERR: 无法加载模块:WebSystems

[ 2017-08-11T19:56:53+08:00 ] 127.0.0.1 /WebSystems/Program/city/wap_city/SG_area_select.css
INFO: [ app_init ] --START--
INFO: Run Behavior\BuildLiteBehavior [ RunTime:0.000010s ]
INFO: [ app_init ] --END-- [ RunTime:0.000275s ]
ERR: 无法加载模块:WebSystems

[ 2017-08-11T19:56:53+08:00 ] 127.0.0.1 /WebSystems/Program/city/wap_city//SG_area_select.js
INFO: [ app_init ] --START--
INFO: Run Behavior\BuildLiteBehavior [ RunTime:0.000010s ]
INFO: [ app_init ] --END-- [ RunTime:0.000294s ]
ERR: 无法加载模块:WebSystems

[ 2017-08-11T19:56:53+08:00 ] 127.0.0.1 /WebSystems/Program/city/wap_city/iscroll.js
INFO: [ app_init ] --START--
INFO: Run Behavior\BuildLiteBehavior [ RunTime:0.000010s ]
INFO: [ app_init ] --END-- [ RunTime:0.000374s ]
ERR: 无法加载模块:WebSystems

[ 2017-08-11T19:56:53+08:00 ] 127.0.0.1 /WebSystems/Js/plugins/index.js
INFO: [ app_init ] --START--
INFO: Run Behavior\BuildLiteBehavior [ RunTime:0.000010s ]
INFO: [ app_init ] --END-- [ RunTime:0.000299s ]
ERR: 无法加载模块:WebSystems

[ 2017-08-11T19:56:53+08:00 ] 127.0.0.1 /WebSystems/Program/city/wap_city//SG_area_select.js
INFO: [ app_init ] --START--
INFO: Run Behavior\BuildLiteBehavior [ RunTime:0.000010s ]
INFO: [ app_init ] --END-- [ RunTime:0.000317s ]
ERR: 无法加载模块:WebSystems

[ 2017-08-11T19:56:53+08:00 ] 127.0.0.1 /WebSystems/Js/plugins/index.js
INFO: [ app_init ] --START--
INFO: Run Behavior\BuildLiteBehavior [ RunTime:0.000009s ]
INFO: [ app_init ] --END-- [ RunTime:0.000300s ]
ERR: 无法加载模块:WebSystems

[ 2017-08-11T19:56:53+08:00 ] 127.0.0.1 /WebSystems/Js/jquery-1.6.js
INFO: [ app_init ] --START--
INFO: Run Behavior\BuildLiteBehavior [ RunTime:0.000010s ]
INFO: [ app_init ] --END-- [ RunTime:0.000279s ]
ERR: 无法加载模块:WebSystems

[ 2017-08-11T19:56:53+08:00 ] 127.0.0.1 /WebSystems/Program/city/wap_city/SG_area_select.css
INFO: [ app_init ] --START--
INFO: Run Behavior\BuildLiteBehavior [ RunTime:0.000010s ]
INFO: [ app_init ] --END-- [ RunTime:0.000275s ]
ERR: 无法加载模块:WebSystems

[ 2017-08-11T19:56:53+08:00 ] 127.0.0.1 /WebSystems/Js/plugins/index.js
INFO: [ app_init ] --START--
INFO: Run Behavior\BuildLiteBehavior [ RunTime:0.000009s ]
INFO: [ app_init ] --END-- [ RunTime:0.000279s ]
ERR: 无法加载模块:WebSystems

[ 2017-08-11T19:56:53+08:00 ] 127.0.0.1 /WebSystems/Program/city/wap_city/iscroll.js
INFO: [ app_init ] --START--
INFO: Run Behavior\BuildLiteBehavior [ RunTime:0.000010s ]
INFO: [ app_init ] --END-- [ RunTime:0.000280s ]
ERR: 无法加载模块:WebSystems

[ 2017-08-11T19:56:53+08:00 ] 127.0.0.1 /WebSystems/Program/city/wap_city//SG_area_select.js
INFO: [ app_init ] --START--
INFO: Run Behavior\BuildLiteBehavior [ RunTime:0.000012s ]
INFO: [ app_init ] --END-- [ RunTime:0.000460s ]
ERR: 无法加载模块:WebSystems

[ 2017-08-11T19:56:53+08:00 ] 127.0.0.1 /WebSystems/Program/city/wap_city/iscroll.js
INFO: [ app_init ] --START--
INFO: Run Behavior\BuildLiteBehavior [ RunTime:0.000009s ]
INFO: [ app_init ] --END-- [ RunTime:0.000367s ]
ERR: 无法加载模块:WebSystems

[ 2017-08-11T19:56:53+08:00 ] 127.0.0.1 /WebSystems/Program/city/wap_city/SG_area_select.css
INFO: [ app_init ] --START--
INFO: Run Behavior\BuildLiteBehavior [ RunTime:0.000009s ]
INFO: [ app_init ] --END-- [ RunTime:0.000363s ]
ERR: 无法加载模块:WebSystems

[ 2017-08-11T19:56:53+08:00 ] 127.0.0.1 /WebSystems/Program/city/wap_city//SG_area_select.js
INFO: [ app_init ] --START--
INFO: Run Behavior\BuildLiteBehavior [ RunTime:0.000017s ]
INFO: [ app_init ] --END-- [ RunTime:0.000419s ]
ERR: 无法加载模块:WebSystems

[ 2017-08-11T19:56:53+08:00 ] 127.0.0.1 /WebSystems/Js/plugins/index.js
INFO: [ app_init ] --START--
INFO: Run Behavior\BuildLiteBehavior [ RunTime:0.000010s ]
INFO: [ app_init ] --END-- [ RunTime:0.000319s ]
ERR: 无法加载模块:WebSystems

[ 2017-08-11T20:01:18+08:00 ] 127.0.0.1 /public/Pintuer/pintuer.css
INFO: [ app_init ] --START--
INFO: Run Behavior\BuildLiteBehavior [ RunTime:0.000011s ]
INFO: [ app_init ] --END-- [ RunTime:0.000300s ]
ERR: 无法加载模块:Public

[ 2017-08-11T20:01:18+08:00 ] 127.0.0.1 /theme/pc/fwulei/public/js/fwulei.js
INFO: [ app_init ] --START--
INFO: Run Behavior\BuildLiteBehavior [ RunTime:0.000010s ]
INFO: [ app_init ] --END-- [ RunTime:0.000273s ]
ERR: 无法加载模块:Theme

[ 2017-08-11T20:01:18+08:00 ] 127.0.0.1 /theme/pc/fwulei/public/css/login.css
INFO: [ app_init ] --START--
INFO: Run Behavior\BuildLiteBehavior [ RunTime:0.000011s ]
INFO: [ app_init ] --END-- [ RunTime:0.000402s ]
ERR: 无法加载模块:Theme

[ 2017-08-11T20:01:18+08:00 ] 127.0.0.1 /theme/pc/fwulei/public/js/three.min.js
INFO: [ app_init ] --START--
INFO: Run Behavior\BuildLiteBehavior [ RunTime:0.000011s ]
INFO: [ app_init ] --END-- [ RunTime:0.000286s ]
ERR: 无法加载模块:Theme

[ 2017-08-11T20:01:18+08:00 ] 127.0.0.1 /public/Layui/css/layui.css
INFO: [ app_init ] --START--
INFO: Run Behavior\BuildLiteBehavior [ RunTime:0.000011s ]
INFO: [ app_init ] --END-- [ RunTime:0.000340s ]
ERR: 无法加载模块:Public

[ 2017-08-11T20:01:18+08:00 ] 127.0.0.1 /public/js/jquery-1.11.0.js
INFO: [ app_init ] --START--
INFO: Run Behavior\BuildLiteBehavior [ RunTime:0.000010s ]
INFO: [ app_init ] --END-- [ RunTime:0.000341s ]
ERR: 无法加载模块:Public

[ 2017-08-11T20:01:18+08:00 ] 127.0.0.1 /theme/pc/fwulei/public/js/Detector.js
INFO: [ app_init ] --START--
INFO: Run Behavior\BuildLiteBehavior [ RunTime:0.000011s ]
INFO: [ app_init ] --END-- [ RunTime:0.000390s ]
ERR: 无法加载模块:Theme

[ 2017-08-11T20:01:18+08:00 ] 127.0.0.1 /theme/pc/fwulei/public/js/login.js
INFO: [ app_init ] --START--
INFO: Run Behavior\BuildLiteBehavior [ RunTime:0.000009s ]
INFO: [ app_init ] --END-- [ RunTime:0.000266s ]
ERR: 无法加载模块:Theme

[ 2017-08-11T20:01:18+08:00 ] 127.0.0.1 /public/Pintuer/pintuer.js
INFO: [ app_init ] --START--
INFO: Run Behavior\BuildLiteBehavior [ RunTime:0.000011s ]
INFO: [ app_init ] --END-- [ RunTime:0.000494s ]
ERR: 无法加载模块:Public

[ 2017-08-11T20:01:18+08:00 ] 127.0.0.1 /theme/pc/fwulei/public/js/prohibit.js
INFO: [ app_init ] --START--
INFO: Run Behavior\BuildLiteBehavior [ RunTime:0.000010s ]
INFO: [ app_init ] --END-- [ RunTime:0.000277s ]
ERR: 无法加载模块:Theme

[ 2017-08-11T20:01:18+08:00 ] 127.0.0.1 /public/Layui/layui.js
INFO: [ app_init ] --START--
INFO: Run Behavior\BuildLiteBehavior [ RunTime:0.000011s ]
INFO: [ app_init ] --END-- [ RunTime:0.000311s ]
ERR: 无法加载模块:Public

[ 2017-08-11T20:01:18+08:00 ] 127.0.0.1 /captcha.html
INFO: [ app_init ] --START--
INFO: Run Behavior\BuildLiteBehavior [ RunTime:0.000009s ]
INFO: [ app_init ] --END-- [ RunTime:0.000277s ]
ERR: 无法加载模块:Captcha

[ 2017-08-11T20:01:18+08:00 ] 127.0.0.1 /theme/pc/fwulei/public/js/fwulei.js
INFO: [ app_init ] --START--
INFO: Run Behavior\BuildLiteBehavior [ RunTime:0.000010s ]
INFO: [ app_init ] --END-- [ RunTime:0.000330s ]
ERR: 无法加载模块:Theme

[ 2017-08-11T20:01:19+08:00 ] 127.0.0.1 /captcha.html
INFO: [ app_init ] --START--
INFO: Run Behavior\BuildLiteBehavior [ RunTime:0.000013s ]
INFO: [ app_init ] --END-- [ RunTime:0.000378s ]
ERR: 无法加载模块:Captcha

[ 2017-08-11T20:01:19+08:00 ] 127.0.0.1 /theme/pc/fwulei/public/js/three.min.js
INFO: [ app_init ] --START--
INFO: Run Behavior\BuildLiteBehavior [ RunTime:0.000010s ]
INFO: [ app_init ] --END-- [ RunTime:0.000275s ]
ERR: 无法加载模块:Theme

[ 2017-08-11T20:01:19+08:00 ] 127.0.0.1 /theme/pc/fwulei/public/js/Detector.js
INFO: [ app_init ] --START--
INFO: Run Behavior\BuildLiteBehavior [ RunTime:0.000028s ]
INFO: [ app_init ] --END-- [ RunTime:0.000384s ]
ERR: 无法加载模块:Theme

[ 2017-08-11T20:01:19+08:00 ] 127.0.0.1 /theme/pc/fwulei/public/js/login.js
INFO: [ app_init ] --START--
INFO: Run Behavior\BuildLiteBehavior [ RunTime:0.000010s ]
INFO: [ app_init ] --END-- [ RunTime:0.000362s ]
ERR: 无法加载模块:Theme

[ 2017-08-11T20:01:19+08:00 ] 127.0.0.1 /theme/pc/fwulei/public/js/prohibit.js
INFO: [ app_init ] --START--
INFO: Run Behavior\BuildLiteBehavior [ RunTime:0.000010s ]
INFO: [ app_init ] --END-- [ RunTime:0.000283s ]
ERR: 无法加载模块:Theme

[ 2017-08-11T20:01:20+08:00 ] 127.0.0.1 /captcha.html?0.34500332045271154
INFO: [ app_init ] --START--
INFO: Run Behavior\BuildLiteBehavior [ RunTime:0.000010s ]
INFO: [ app_init ] --END-- [ RunTime:0.000300s ]
ERR: 无法加载模块:Captcha

[ 2017-08-11T20:01:20+08:00 ] 127.0.0.1 /captcha.html?0.33128610995525953
INFO: [ app_init ] --START--
INFO: Run Behavior\BuildLiteBehavior [ RunTime:0.000010s ]
INFO: [ app_init ] --END-- [ RunTime:0.000416s ]
ERR: 无法加载模块:Captcha

[ 2017-08-11T20:01:21+08:00 ] 127.0.0.1 /captcha.html?0.11082254403920344
INFO: [ app_init ] --START--
INFO: Run Behavior\BuildLiteBehavior [ RunTime:0.000009s ]
INFO: [ app_init ] --END-- [ RunTime:0.000382s ]
ERR: 无法加载模块:Captcha

[ 2017-08-11T20:01:21+08:00 ] 127.0.0.1 /captcha.html?0.21320460399316232
INFO: [ app_init ] --START--
INFO: Run Behavior\BuildLiteBehavior [ RunTime:0.000011s ]
INFO: [ app_init ] --END-- [ RunTime:0.000278s ]
ERR: 无法加载模块:Captcha

[ 2017-08-11T20:03:42+08:00 ] 127.0.0.1 /css/login.css
INFO: [ app_init ] --START--
INFO: Run Behavior\BuildLiteBehavior [ RunTime:0.000011s ]
INFO: [ app_init ] --END-- [ RunTime:0.000277s ]
ERR: 无法加载模块:Css

[ 2017-08-11T20:03:42+08:00 ] 127.0.0.1 /js/jquery-1.9.1.min.js
INFO: [ app_init ] --START--
INFO: Run Behavior\BuildLiteBehavior [ RunTime:0.000011s ]
INFO: [ app_init ] --END-- [ RunTime:0.000376s ]
ERR: 无法加载模块:Js

[ 2017-08-11T20:03:42+08:00 ] 127.0.0.1 /js/cloud.js
INFO: [ app_init ] --START--
INFO: Run Behavior\BuildLiteBehavior [ RunTime:0.000008s ]
INFO: [ app_init ] --END-- [ RunTime:0.000347s ]
ERR: 无法加载模块:Js

[ 2017-08-11T20:03:44+08:00 ] 127.0.0.1 /css/login.css
INFO: [ app_init ] --START--
INFO: Run Behavior\BuildLiteBehavior [ RunTime:0.000009s ]
INFO: [ app_init ] --END-- [ RunTime:0.000302s ]
ERR: 无法加载模块:Css

[ 2017-08-11T20:03:44+08:00 ] 127.0.0.1 /js/jquery-1.9.1.min.js
INFO: [ app_init ] --START--
INFO: Run Behavior\BuildLiteBehavior [ RunTime:0.000012s ]
INFO: [ app_init ] --END-- [ RunTime:0.000317s ]
ERR: 无法加载模块:Js

[ 2017-08-11T20:03:44+08:00 ] 127.0.0.1 /js/cloud.js
INFO: [ app_init ] --START--
INFO: Run Behavior\BuildLiteBehavior [ RunTime:0.000010s ]
INFO: [ app_init ] --END-- [ RunTime:0.000324s ]
ERR: 无法加载模块:Js

[ 2017-08-11T20:03:44+08:00 ] 127.0.0.1 /js/cloud.js
INFO: [ app_init ] --START--
INFO: Run Behavior\BuildLiteBehavior [ RunTime:0.000009s ]
INFO: [ app_init ] --END-- [ RunTime:0.000254s ]
ERR: 无法加载模块:Js

[ 2017-08-11T20:04:22+08:00 ] 127.0.0.1 /Public/images/Logo_40.png
INFO: [ app_init ] --START--
INFO: Run Behavior\BuildLiteBehavior [ RunTime:0.000011s ]
INFO: [ app_init ] --END-- [ RunTime:0.000280s ]
ERR: 无法加载模块:Public

[ 2017-08-11T20:04:29+08:00 ] 127.0.0.1 /css/login.css
INFO: [ app_init ] --START--
INFO: Run Behavior\BuildLiteBehavior [ RunTime:0.000028s ]
INFO: [ app_init ] --END-- [ RunTime:0.000334s ]
ERR: 无法加载模块:Css

[ 2017-08-11T20:04:29+08:00 ] 127.0.0.1 /js/jquery-1.9.1.min.js
INFO: [ app_init ] --START--
INFO: Run Behavior\BuildLiteBehavior [ RunTime:0.000012s ]
INFO: [ app_init ] --END-- [ RunTime:0.000857s ]
ERR: 无法加载模块:Js

[ 2017-08-11T20:04:29+08:00 ] 127.0.0.1 /js/cloud.js
INFO: [ app_init ] --START--
INFO: Run Behavior\BuildLiteBehavior [ RunTime:0.000009s ]
INFO: [ app_init ] --END-- [ RunTime:0.000402s ]
ERR: 无法加载模块:Js

[ 2017-08-11T20:06:36+08:00 ] 127.0.0.1 /layui/css/layui.css
INFO: [ app_init ] --START--
INFO: Run Behavior\BuildLiteBehavior [ RunTime:0.000011s ]
INFO: [ app_init ] --END-- [ RunTime:0.000293s ]
ERR: 无法加载模块:Layui

[ 2017-08-11T20:06:36+08:00 ] 127.0.0.1 /Scripts/jquery-1.8.2.min.js
INFO: [ app_init ] --START--
INFO: Run Behavior\BuildLiteBehavior [ RunTime:0.000011s ]
INFO: [ app_init ] --END-- [ RunTime:0.000325s ]
ERR: 无法加载模块:Scripts

[ 2017-08-11T20:06:36+08:00 ] 127.0.0.1 /layui/layui.js
INFO: [ app_init ] --START--
INFO: Run Behavior\BuildLiteBehavior [ RunTime:0.000010s ]
INFO: [ app_init ] --END-- [ RunTime:0.000397s ]
ERR: 无法加载模块:Layui

[ 2017-08-11T20:06:36+08:00 ] 127.0.0.1 /images/bg.jpg
INFO: [ app_init ] --START--
INFO: Run Behavior\BuildLiteBehavior [ RunTime:0.000019s ]
INFO: [ app_init ] --END-- [ RunTime:0.000739s ]
ERR: 无法加载模块:Images

[ 2017-08-11T20:06:36+08:00 ] 127.0.0.1 /layui/layui.js
INFO: [ app_init ] --START--
INFO: Run Behavior\BuildLiteBehavior [ RunTime:0.000009s ]
INFO: [ app_init ] --END-- [ RunTime:0.000255s ]
ERR: 无法加载模块:Layui

[ 2017-08-11T20:06:38+08:00 ] 127.0.0.1 /layui/css/layui.css
INFO: [ app_init ] --START--
INFO: Run Behavior\BuildLiteBehavior [ RunTime:0.000010s ]
INFO: [ app_init ] --END-- [ RunTime:0.000292s ]
ERR: 无法加载模块:Layui

[ 2017-08-11T20:06:38+08:00 ] 127.0.0.1 /Scripts/jquery-1.8.2.min.js
INFO: [ app_init ] --START--
INFO: Run Behavior\BuildLiteBehavior [ RunTime:0.000010s ]
INFO: [ app_init ] --END-- [ RunTime:0.000271s ]
ERR: 无法加载模块:Scripts

[ 2017-08-11T20:06:38+08:00 ] 127.0.0.1 /layui/layui.js
INFO: [ app_init ] --START--
INFO: Run Behavior\BuildLiteBehavior [ RunTime:0.000012s ]
INFO: [ app_init ] --END-- [ RunTime:0.000566s ]
ERR: 无法加载模块:Layui

[ 2017-08-11T20:06:38+08:00 ] 127.0.0.1 /images/bg.jpg
INFO: [ app_init ] --START--
INFO: Run Behavior\BuildLiteBehavior [ RunTime:0.000009s ]
INFO: [ app_init ] --END-- [ RunTime:0.000250s ]
ERR: 无法加载模块:Images

[ 2017-08-11T20:06:38+08:00 ] 127.0.0.1 /layui/layui.js
INFO: [ app_init ] --START--
INFO: Run Behavior\BuildLiteBehavior [ RunTime:0.000010s ]
INFO: [ app_init ] --END-- [ RunTime:0.000424s ]
ERR: 无法加载模块:Layui

[ 2017-08-11T20:06:40+08:00 ] 127.0.0.1 /Scripts/jquery-1.8.2.min.js
INFO: [ app_init ] --START--
INFO: Run Behavior\BuildLiteBehavior [ RunTime:0.000011s ]
INFO: [ app_init ] --END-- [ RunTime:0.000279s ]
ERR: 无法加载模块:Scripts

[ 2017-08-11T20:06:40+08:00 ] 127.0.0.1 /layui/layui.js
INFO: [ app_init ] --START--
INFO: Run Behavior\BuildLiteBehavior [ RunTime:0.000009s ]
INFO: [ app_init ] --END-- [ RunTime:0.000278s ]
ERR: 无法加载模块:Layui

[ 2017-08-11T20:06:40+08:00 ] 127.0.0.1 /layui/css/layui.css
INFO: [ app_init ] --START--
INFO: Run Behavior\BuildLiteBehavior [ RunTime:0.000012s ]
INFO: [ app_init ] --END-- [ RunTime:0.000292s ]
ERR: 无法加载模块:Layui

[ 2017-08-11T20:06:40+08:00 ] 127.0.0.1 /images/bg.jpg
INFO: [ app_init ] --START--
INFO: Run Behavior\BuildLiteBehavior [ RunTime:0.000010s ]
INFO: [ app_init ] --END-- [ RunTime:0.000264s ]
ERR: 无法加载模块:Images

[ 2017-08-11T20:06:40+08:00 ] 127.0.0.1 /Scripts/jquery-1.8.2.min.js
INFO: [ app_init ] --START--
INFO: Run Behavior\BuildLiteBehavior [ RunTime:0.000011s ]
INFO: [ app_init ] --END-- [ RunTime:0.000279s ]
ERR: 无法加载模块:Scripts

[ 2017-08-11T20:06:40+08:00 ] 127.0.0.1 /layui/layui.js
INFO: [ app_init ] --START--
INFO: Run Behavior\BuildLiteBehavior [ RunTime:0.000010s ]
INFO: [ app_init ] --END-- [ RunTime:0.000287s ]
ERR: 无法加载模块:Layui

[ 2017-08-11T20:06:40+08:00 ] 127.0.0.1 /layui/css/layui.css
INFO: [ app_init ] --START--
INFO: Run Behavior\BuildLiteBehavior [ RunTime:0.000010s ]
INFO: [ app_init ] --END-- [ RunTime:0.000281s ]
ERR: 无法加载模块:Layui

[ 2017-08-11T20:06:40+08:00 ] 127.0.0.1 /images/bg.jpg
INFO: [ app_init ] --START--
INFO: Run Behavior\BuildLiteBehavior [ RunTime:0.000009s ]
INFO: [ app_init ] --END-- [ RunTime:0.000277s ]
ERR: 无法加载模块:Images

[ 2017-08-11T20:13:24+08:00 ] 127.0.0.1 /Scripts/jquery-1.8.2.min.js
INFO: [ app_init ] --START--
INFO: Run Behavior\BuildLiteBehavior [ RunTime:0.000010s ]
INFO: [ app_init ] --END-- [ RunTime:0.000344s ]
ERR: 无法加载模块:Scripts

[ 2017-08-11T20:13:24+08:00 ] 127.0.0.1 /images/bg.jpg
INFO: [ app_init ] --START--
INFO: Run Behavior\BuildLiteBehavior [ RunTime:0.000011s ]
INFO: [ app_init ] --END-- [ RunTime:0.000318s ]
ERR: 无法加载模块:Images

[ 2017-08-11T20:13:24+08:00 ] 127.0.0.1 /Public/Admin/js/lay/modules/form.js
INFO: [ app_init ] --START--
INFO: Run Behavior\BuildLiteBehavior [ RunTime:0.000011s ]
INFO: [ app_init ] --END-- [ RunTime:0.000327s ]
ERR: 无法加载模块:Public

[ 2017-08-11T20:13:25+08:00 ] 127.0.0.1 /Scripts/jquery-1.8.2.min.js
INFO: [ app_init ] --START--
INFO: Run Behavior\BuildLiteBehavior [ RunTime:0.000010s ]
INFO: [ app_init ] --END-- [ RunTime:0.000405s ]
ERR: 无法加载模块:Scripts

[ 2017-08-11T20:13:25+08:00 ] 127.0.0.1 /images/bg.jpg
INFO: [ app_init ] --START--
INFO: Run Behavior\BuildLiteBehavior [ RunTime:0.000009s ]
INFO: [ app_init ] --END-- [ RunTime:0.000270s ]
ERR: 无法加载模块:Images

[ 2017-08-11T20:13:25+08:00 ] 127.0.0.1 /Public/Admin/js/lay/modules/form.js
INFO: [ app_init ] --START--
INFO: Run Behavior\BuildLiteBehavior [ RunTime:0.000026s ]
INFO: [ app_init ] --END-- [ RunTime:0.000543s ]
ERR: 无法加载模块:Public

[ 2017-08-11T20:14:59+08:00 ] 127.0.0.1 /images/bg.jpg
INFO: [ app_init ] --START--
INFO: Run Behavior\BuildLiteBehavior [ RunTime:0.000013s ]
INFO: [ app_init ] --END-- [ RunTime:0.000377s ]
ERR: 无法加载模块:Images

[ 2017-08-11T20:14:59+08:00 ] 127.0.0.1 /Public/Admin/js/lay/modules/form.js
INFO: [ app_init ] --START--
INFO: Run Behavior\BuildLiteBehavior [ RunTime:0.000011s ]
INFO: [ app_init ] --END-- [ RunTime:0.000331s ]
ERR: 无法加载模块:Public

[ 2017-08-11T20:15:27+08:00 ] 127.0.0.1 /images/bg.jpg
INFO: [ app_init ] --START--
INFO: Run Behavior\BuildLiteBehavior [ RunTime:0.000010s ]
INFO: [ app_init ] --END-- [ RunTime:0.000311s ]
ERR: 无法加载模块:Images

[ 2017-08-11T20:15:27+08:00 ] 127.0.0.1 /Public/Admin/js/lay/modules/form.js
INFO: [ app_init ] --START--
INFO: Run Behavior\BuildLiteBehavior [ RunTime:0.000011s ]
INFO: [ app_init ] --END-- [ RunTime:0.000304s ]
ERR: 无法加载模块:Public

[ 2017-08-11T20:16:53+08:00 ] 127.0.0.1 /Public/Admin/js/lay/modules/form.js
INFO: [ app_init ] --START--
INFO: Run Behavior\BuildLiteBehavior [ RunTime:0.000084s ]
INFO: [ app_init ] --END-- [ RunTime:0.001230s ]
ERR: 无法加载模块:Public

[ 2017-08-11T20:17:50+08:00 ] 127.0.0.1 /Public/Admin/js/lay/modules/form.js
INFO: [ app_init ] --START--
INFO: Run Behavior\BuildLiteBehavior [ RunTime:0.000053s ]
INFO: [ app_init ] --END-- [ RunTime:0.001216s ]
ERR: 无法加载模块:Public

[ 2017-08-11T20:22:31+08:00 ] 127.0.0.1 /Public/Admin/js/lay/modules/form.js
INFO: [ app_init ] --START--
INFO: Run Behavior\BuildLiteBehavior [ RunTime:0.000013s ]
INFO: [ app_init ] --END-- [ RunTime:0.000523s ]
ERR: 无法加载模块:Public

[ 2017-08-11T20:23:16+08:00 ] 127.0.0.1 /Public/Admin/js/lay/modules/form.js
INFO: [ app_init ] --START--
INFO: Run Behavior\BuildLiteBehavior [ RunTime:0.000012s ]
INFO: [ app_init ] --END-- [ RunTime:0.000731s ]
ERR: 无法加载模块:Public

[ 2017-08-11T20:23:17+08:00 ] 127.0.0.1 /Public/Admin/js/lay/modules/form.js
INFO: [ app_init ] --START--
INFO: Run Behavior\BuildLiteBehavior [ RunTime:0.000029s ]
INFO: [ app_init ] --END-- [ RunTime:0.000509s ]
ERR: 无法加载模块:Public

[ 2017-08-11T20:24:45+08:00 ] 127.0.0.1 /Public/Admin/js/lay/modules/form.js
INFO: [ app_init ] --START--
INFO: Run Behavior\BuildLiteBehavior [ RunTime:0.000011s ]
INFO: [ app_init ] --END-- [ RunTime:0.000441s ]
ERR: 无法加载模块:Public

[ 2017-08-11T20:24:49+08:00 ] 127.0.0.1 /Public/Admin/js/lay/modules/form.js
INFO: [ app_init ] --START--
INFO: Run Behavior\BuildLiteBehavior [ RunTime:0.000010s ]
INFO: [ app_init ] --END-- [ RunTime:0.000414s ]
ERR: 无法加载模块:Public

[ 2017-08-11T20:38:11+08:00 ] 127.0.0.1 /Public/Admin/datalist.html
INFO: [ app_init ] --START--
INFO: Run Behavior\BuildLiteBehavior [ RunTime:0.000010s ]
INFO: [ app_init ] --END-- [ RunTime:0.000327s ]
ERR: 无法加载模块:Public

[ 2017-08-11T20:38:12+08:00 ] 127.0.0.1 /Public/Admin/datalist.html
INFO: [ app_init ] --START--
INFO: Run Behavior\BuildLiteBehavior [ RunTime:0.000017s ]
INFO: [ app_init ] --END-- [ RunTime:0.000359s ]
ERR: 无法加载模块:Public

[ 2017-08-11T21:57:12+08:00 ] 127.0.0.1 /Public/styles/general.css
INFO: [ app_init ] --START--
INFO: Run Behavior\BuildLiteBehavior [ RunTime:0.000011s ]
INFO: [ app_init ] --END-- [ RunTime:0.000305s ]
ERR: 无法加载模块:Public

[ 2017-08-11T21:57:12+08:00 ] 127.0.0.1 /Public/styles/main.css
INFO: [ app_init ] --START--
INFO: Run Behavior\BuildLiteBehavior [ RunTime:0.000009s ]
INFO: [ app_init ] --END-- [ RunTime:0.000372s ]
ERR: 无法加载模块:Public

[ 2017-08-11T21:57:12+08:00 ] 127.0.0.1 /Public/images/yes.gif
INFO: [ app_init ] --START--
INFO: Run Behavior\BuildLiteBehavior [ RunTime:0.000010s ]
INFO: [ app_init ] --END-- [ RunTime:0.000367s ]
ERR: 无法加载模块:Public

[ 2017-08-11T21:57:25+08:00 ] 127.0.0.1 /Public/styles/general.css
INFO: [ app_init ] --START--
INFO: Run Behavior\BuildLiteBehavior [ RunTime:0.000012s ]
INFO: [ app_init ] --END-- [ RunTime:0.000548s ]
ERR: 无法加载模块:Public

[ 2017-08-11T21:57:25+08:00 ] 127.0.0.1 /Public/styles/main.css
INFO: [ app_init ] --START--
INFO: Run Behavior\BuildLiteBehavior [ RunTime:0.000011s ]
INFO: [ app_init ] --END-- [ RunTime:0.000497s ]
ERR: 无法加载模块:Public

[ 2017-08-11T21:57:25+08:00 ] 127.0.0.1 /Public/images/yes.gif
INFO: [ app_init ] --START--
INFO: Run Behavior\BuildLiteBehavior [ RunTime:0.000011s ]
INFO: [ app_init ] --END-- [ RunTime:0.000343s ]
ERR: 无法加载模块:Public

[ 2017-08-11T22:01:53+08:00 ] 127.0.0.1 /Public/css/general.css
INFO: [ app_init ] --START--
INFO: Run Behavior\BuildLiteBehavior [ RunTime:0.000011s ]
INFO: [ app_init ] --END-- [ RunTime:0.000377s ]
ERR: 无法加载模块:Public

[ 2017-08-11T22:01:53+08:00 ] 127.0.0.1 /Public/css/mains.css
INFO: [ app_init ] --START--
INFO: Run Behavior\BuildLiteBehavior [ RunTime:0.000010s ]
INFO: [ app_init ] --END-- [ RunTime:0.000405s ]
ERR: 无法加载模块:Public

[ 2017-08-11T22:01:53+08:00 ] 127.0.0.1 /Public/images/yes.gif
INFO: [ app_init ] --START--
INFO: Run Behavior\BuildLiteBehavior [ RunTime:0.000011s ]
INFO: [ app_init ] --END-- [ RunTime:0.000358s ]
ERR: 无法加载模块:Public

[ 2017-08-11T22:06:16+08:00 ] 127.0.0.1 /Public/Admin/js/general.css
INFO: [ app_init ] --START--
INFO: Run Behavior\BuildLiteBehavior [ RunTime:0.000011s ]
INFO: [ app_init ] --END-- [ RunTime:0.000509s ]
ERR: 无法加载模块:Public

[ 2017-08-11T22:06:32+08:00 ] 127.0.0.1 /Public/Admin/js/general.css
INFO: [ app_init ] --START--
INFO: Run Behavior\BuildLiteBehavior [ RunTime:0.000011s ]
INFO: [ app_init ] --END-- [ RunTime:0.000427s ]
ERR: 无法加载模块:Public

[ 2017-08-11T22:08:32+08:00 ] 127.0.0.1 /Public/Admin/images/arrow.gif
INFO: [ app_init ] --START--
INFO: Run Behavior\BuildLiteBehavior [ RunTime:0.000009s ]
INFO: [ app_init ] --END-- [ RunTime:0.000338s ]
ERR: 无法加载模块:Public

[ 2017-08-11T22:10:05+08:00 ] 127.0.0.1 /Public/Admin/images/arrow.gif
INFO: [ app_init ] --START--
INFO: Run Behavior\BuildLiteBehavior [ RunTime:0.000010s ]
INFO: [ app_init ] --END-- [ RunTime:0.000302s ]
ERR: 无法加载模块:Public

[ 2017-08-11T22:10:17+08:00 ] 127.0.0.1 /Public/Admin/images/arrow.gif
INFO: [ app_init ] --START--
INFO: Run Behavior\BuildLiteBehavior [ RunTime:0.000010s ]
INFO: [ app_init ] --END-- [ RunTime:0.000306s ]
ERR: 无法加载模块:Public

[ 2017-08-11T22:10:26+08:00 ] 127.0.0.1 /Public/Admin/images/arrow.gif
INFO: [ app_init ] --START--
INFO: Run Behavior\BuildLiteBehavior [ RunTime:0.000010s ]
INFO: [ app_init ] --END-- [ RunTime:0.000267s ]
ERR: 无法加载模块:Public

[ 2017-08-11T22:10:34+08:00 ] 127.0.0.1 /Public/Admin/images/arrow.gif
INFO: [ app_init ] --START--
INFO: Run Behavior\BuildLiteBehavior [ RunTime:0.000015s ]
INFO: [ app_init ] --END-- [ RunTime:0.000601s ]
ERR: 无法加载模块:Public

[ 2017-08-11T22:11:43+08:00 ] 127.0.0.1 /Public/Admin/images/arrow.gif
INFO: [ app_init ] --START--
INFO: Run Behavior\BuildLiteBehavior [ RunTime:0.000010s ]
INFO: [ app_init ] --END-- [ RunTime:0.000372s ]
ERR: 无法加载模块:Public

[ 2017-08-11T22:11:57+08:00 ] 127.0.0.1 /Public/Admin/images/arrow.gif
INFO: [ app_init ] --START--
INFO: Run Behavior\BuildLiteBehavior [ RunTime:0.000029s ]
INFO: [ app_init ] --END-- [ RunTime:0.000394s ]
ERR: 无法加载模块:Public

[ 2017-08-11T22:17:06+08:00 ] 127.0.0.1 /Public/Admin/images/arrow.gif
INFO: [ app_init ] --START--
INFO: Run Behavior\BuildLiteBehavior [ RunTime:0.000011s ]
INFO: [ app_init ] --END-- [ RunTime:0.000340s ]
ERR: 无法加载模块:Public

[ 2017-08-11T22:20:36+08:00 ] 127.0.0.1 /Public/Admin/images/arrow.gif
INFO: [ app_init ] --START--
INFO: Run Behavior\BuildLiteBehavior [ RunTime:0.000030s ]
INFO: [ app_init ] --END-- [ RunTime:0.000709s ]
ERR: 无法加载模块:Public

[ 2017-08-11T22:21:02+08:00 ] 127.0.0.1 /Public/Admin/images/arrow.gif
INFO: [ app_init ] --START--
INFO: Run Behavior\BuildLiteBehavior [ RunTime:0.000010s ]
INFO: [ app_init ] --END-- [ RunTime:0.000329s ]
ERR: 无法加载模块:Public

